#
# There is insufficient memory for the Java Runtime Environment to continue.
# Native memory allocation (malloc) failed to allocate 18041112 bytes. Error detail: Chunk::new
# Possible reasons:
#   The system is out of physical RAM or swap space
#   This process is running with CompressedOops enabled, and the Java Heap may be blocking the growth of the native heap
# Possible solutions:
#   Reduce memory load on the system
#   Increase physical memory or swap space
#   Check if swap backing store is full
#   Decrease Java heap size (-Xmx/-Xms)
#   Decrease number of Java threads
#   Decrease Java thread stack sizes (-Xss)
#   Set larger code cache with -XX:ReservedCodeCacheSize=
#   JVM is running with Unscaled Compressed Oops mode in which the Java heap is
#     placed in the first 4GB address space. The Java Heap base address is the
#     maximum limit for the native heap growth. Please use -XX:HeapBaseMinAddress
#     to set the Java Heap base and to place the Java Heap above 4GB virtual address.
# This output file may be truncated or incomplete.
#
#  Out of Memory Error (arena.cpp:186), pid=10540, tid=13980
#
# JRE version: Java(TM) SE Runtime Environment (25.0.2+10) (build 25.0.2+10-LTS-69)
# Java VM: Java HotSpot(TM) 64-Bit Server VM (25.0.2+10-LTS-69, mixed mode, sharing, tiered, compressed oops, compressed class ptrs, g1 gc, windows-amd64)
# No core dump will be written. Minidumps are not enabled by default on client versions of Windows
#

---------------  S U M M A R Y ------------

Command Line: -Xms256m -Xmx512m -Dclassworlds.conf=C:\Users\Pratibha Awasthi\Doc_Flow_AI\backend\apache-maven-3.9.9\bin\m2.conf -Dmaven.home=C:\Users\Pratibha Awasthi\Doc_Flow_AI\backend\apache-maven-3.9.9 -Dlibrary.jansi.path=C:\Users\Pratibha Awasthi\Doc_Flow_AI\backend\apache-maven-3.9.9\lib\jansi-native -Dmaven.multiModuleProjectDirectory=C:\Users\Pratibha Awasthi\Doc_Flow_AI org.codehaus.plexus.classworlds.launcher.Launcher clean compile -f backend/pom.xml

Host: Intel(R) Core(TM) i3-7100U CPU @ 2.40GHz, 4 cores, 3G,  Windows 10 , 64 bit Build 21996 (10.0.21996.1)
Time: Tue Apr 14 16:35:33 2026 India Standard Time elapsed time: 24.813873 seconds (0d 0h 0m 24s)

---------------  T H R E A D  ---------------

Current thread (0x0000019fff9c77d0):  JavaThread "C2 CompilerThread0" daemon [_thread_in_native, id=13980, stack(0x0000006e8a500000,0x0000006e8a600000) (1024K)]


Current CompileTask:
C2:24814 4976       4       java.lang.invoke.MethodType::makeImpl (109 bytes)

Stack: [0x0000006e8a500000,0x0000006e8a600000]
Native frames: (J=compiled Java code, j=interpreted, Vv=VM code, C=native code)
V  [jvm.dll+0x7a70f9]  (no source info available)
V  [jvm.dll+0x772d6d]  (no source info available)
V  [jvm.dll+0x965d53]  (no source info available)
V  [jvm.dll+0x968351]  (no source info available)
V  [jvm.dll+0x968a63]  (no source info available)
V  [jvm.dll+0x2fc846]  (no source info available)
V  [jvm.dll+0x111b16]  (no source info available)
V  [jvm.dll+0x111e3e]  (no source info available)
V  [jvm.dll+0x1a0872]  (no source info available)
V  [jvm.dll+0x3b54c2]  (no source info available)
V  [jvm.dll+0x7aca8f]  (no source info available)
V  [jvm.dll+0x2c0b97]  (no source info available)
V  [jvm.dll+0x2bfb5f]  (no source info available)
V  [jvm.dll+0x2379a0]  (no source info available)
V  [jvm.dll+0x2cfc86]  (no source info available)
V  [jvm.dll+0x2cdf05]  (no source info available)
V  [jvm.dll+0x48e9d1]  (no source info available)
V  [jvm.dll+0x906fcd]  (no source info available)
V  [jvm.dll+0x7a56d5]  (no source info available)
C  [ucrtbase.dll+0x26c0c]  (no source info available)
C  [KERNEL32.DLL+0x154e0]  (no source info available)
C  [ntdll.dll+0x485b]  (no source info available)

Lock stack of current Java thread (top to bottom):


---------------  P R O C E S S  ---------------

Threads class SMR info:
_java_thread_list=0x0000019f9acaff80, length=12, elements={
0x0000019ffd69eba0, 0x0000019fff9bb5b0, 0x0000019fff9bc590, 0x0000019fff9c1580,
0x0000019fff9c3150, 0x0000019fff9c3d10, 0x0000019fff9c48d0, 0x0000019fff9c77d0,
0x0000019fff9c9df0, 0x0000019f9a191870, 0x0000019f9a1a0ee0, 0x0000019f9a62e390
}

Java Threads: ( => current thread )
  0x0000019ffd69eba0 JavaThread "main"                              [_thread_in_vm, id=3136, stack(0x0000006e89600000,0x0000006e89700000) (1024K)]
  0x0000019fff9bb5b0 JavaThread "Reference Handler"          daemon [_thread_blocked, id=10640, stack(0x0000006e89f00000,0x0000006e8a000000) (1024K)]
  0x0000019fff9bc590 JavaThread "Finalizer"                  daemon [_thread_blocked, id=12692, stack(0x0000006e8a000000,0x0000006e8a100000) (1024K)]
  0x0000019fff9c1580 JavaThread "Signal Dispatcher"          daemon [_thread_blocked, id=8376, stack(0x0000006e8a100000,0x0000006e8a200000) (1024K)]
  0x0000019fff9c3150 JavaThread "Attach Listener"            daemon [_thread_blocked, id=9060, stack(0x0000006e8a200000,0x0000006e8a300000) (1024K)]
  0x0000019fff9c3d10 JavaThread "Service Thread"             daemon [_thread_blocked, id=9628, stack(0x0000006e8a300000,0x0000006e8a400000) (1024K)]
  0x0000019fff9c48d0 JavaThread "Monitor Deflation Thread"   daemon [_thread_blocked, id=5900, stack(0x0000006e8a400000,0x0000006e8a500000) (1024K)]
=>0x0000019fff9c77d0 JavaThread "C2 CompilerThread0"         daemon [_thread_in_native, id=13980, stack(0x0000006e8a500000,0x0000006e8a600000) (1024K)]
  0x0000019fff9c9df0 JavaThread "C1 CompilerThread0"         daemon [_thread_blocked, id=7308, stack(0x0000006e8a600000,0x0000006e8a700000) (1024K)]
  0x0000019f9a191870 JavaThread "Notification Thread"        daemon [_thread_blocked, id=1260, stack(0x0000006e8a700000,0x0000006e8a800000) (1024K)]
  0x0000019f9a1a0ee0 JavaThread "Common-Cleaner"             daemon [_thread_blocked, id=7604, stack(0x0000006e8a800000,0x0000006e8a900000) (1024K)]
  0x0000019f9a62e390 JavaThread "Thread-1"                   daemon [_thread_blocked, id=15068, stack(0x0000006e8ad00000,0x0000006e8ae00000) (1024K)]
Total: 12

Other Threads:
  0x0000019fff9ab630 VMThread "VM Thread"                           [id=14436, stack(0x0000006e89d00000,0x0000006e89e00000) (1024K)]
  0x0000019fff9a3000 WatcherThread "VM Periodic Task Thread"        [id=14212, stack(0x0000006e89c00000,0x0000006e89d00000) (1024K)]
  0x0000019fff9376d0 WorkerThread "GC Thread#0"                     [id=12448, stack(0x0000006e89700000,0x0000006e89800000) (1024K)]
  0x0000019f9f0a7540 WorkerThread "GC Thread#1"                     [id=15240, stack(0x0000006e8aa00000,0x0000006e8ab00000) (1024K)]
  0x0000019f9f0a7970 WorkerThread "GC Thread#2"                     [id=14116, stack(0x0000006e8ab00000,0x0000006e8ac00000) (1024K)]
  0x0000019f9f0a7da0 WorkerThread "GC Thread#3"                     [id=11212, stack(0x0000006e8ac00000,0x0000006e8ad00000) (1024K)]
  0x0000019fff93e7a0 ConcurrentGCThread "G1 Main Marker"            [id=10092, stack(0x0000006e89800000,0x0000006e89900000) (1024K)]
  0x0000019fff9418d0 WorkerThread "G1 Conc#0"                       [id=12348, stack(0x0000006e89900000,0x0000006e89a00000) (1024K)]
  0x0000019fff986be0 ConcurrentGCThread "G1 Refine#0"               [id=13328, stack(0x0000006e89a00000,0x0000006e89b00000) (1024K)]
  0x0000019fff989700 ConcurrentGCThread "G1 Service"                [id=5084, stack(0x0000006e89b00000,0x0000006e89c00000) (1024K)]
Total: 10

Threads with active compile tasks:
C2 CompilerThread0  25018 4976       4       java.lang.invoke.MethodType::makeImpl (109 bytes)
Total: 1

VM state: not at safepoint (normal execution)

VM Mutex/Monitor currently owned by a thread: None

Heap address: 0x00000000e0000000, size: 512 MB, Compressed Oops mode: 32-bit

CDS archive(s) mapped at: [0x0000000080000000-0x0000000080dd0000-0x0000000080dd0000), size 14483456, SharedBaseAddress: 0x0000000080000000, ArchiveRelocationMode: 1.
Compressed class space mapped at: 0x0000000081000000-0x00000000c1000000, reserved size: 1073741824
UseCompressedClassPointers 1, UseCompactObjectHeaders 0
Narrow klass pointer bits 32, Max shift 3
Narrow klass base: 0x0000000080000000, Narrow klass shift: 0
Encoding Range: [0x0000000080000000 - 0x0000000180000000), (4294967296 bytes)
Klass Range:    [0x0000000080010000 - 0x00000000c1000000), (1090453504 bytes)
Klass ID Range:  [65536 - 1090519033) (1090453497)
Protection zone: [0x0000000080000000 - 0x0000000080010000), (65536 bytes)

GC Precious Log:
 CardTable entry size: 512
 Card Set container configuration: InlinePtr #cards 5 size 8 Array Of Cards #cards 10 size 36 Howl #buckets 4 coarsen threshold 1843 Howl Bitmap #cards 512 size 80 coarsen threshold 460 Card regions per heap region 1 cards per card region 2048
 CPUs: 4 total, 4 available
 Memory: 3998M
 Large Page Support: Disabled
 NUMA Support: Disabled
 Compressed Oops: Enabled (32-bit)
 Heap Region Size: 1M
 Heap Min Capacity: 256M
 Heap Initial Capacity: 256M
 Heap Max Capacity: 512M
 Pre-touch: Disabled
 Parallel Workers: 4
 Concurrent Workers: 1
 Concurrent Refinement Workers: 4
 Periodic GC: Disabled

Heap:
 garbage-first heap   total reserved 524288K, committed 264192K, used 86379K [0x00000000e0000000, 0x0000000100000000)
  region size 1024K, 84 young (86016K), 10 survivors (10240K)

Heap Regions: E=young(eden), S=young(survivor), O=old, HS=humongous(starts), HC=humongous(continues), CS=collection set, F=free, TAMS=top-at-mark-start, PB=parsable bottom
|   0|0x00000000e0000000, 0x00000000e00355a8, 0x00000000e0100000| 20%| O|  |TAMS 0x00000000e0000000| PB 0x00000000e0000000| Untracked |  0
|   1|0x00000000e0100000, 0x00000000e0100000, 0x00000000e0200000|  0%| F|  |TAMS 0x00000000e0100000| PB 0x00000000e0100000| Untracked |  0
|   2|0x00000000e0200000, 0x00000000e0200000, 0x00000000e0300000|  0%| F|  |TAMS 0x00000000e0200000| PB 0x00000000e0200000| Untracked |  0
|   3|0x00000000e0300000, 0x00000000e0300000, 0x00000000e0400000|  0%| F|  |TAMS 0x00000000e0300000| PB 0x00000000e0300000| Untracked |  0
|   4|0x00000000e0400000, 0x00000000e0400000, 0x00000000e0500000|  0%| F|  |TAMS 0x00000000e0400000| PB 0x00000000e0400000| Untracked |  0
|   5|0x00000000e0500000, 0x00000000e0500000, 0x00000000e0600000|  0%| F|  |TAMS 0x00000000e0500000| PB 0x00000000e0500000| Untracked |  0
|   6|0x00000000e0600000, 0x00000000e0600000, 0x00000000e0700000|  0%| F|  |TAMS 0x00000000e0600000| PB 0x00000000e0600000| Untracked |  0
|   7|0x00000000e0700000, 0x00000000e0700000, 0x00000000e0800000|  0%| F|  |TAMS 0x00000000e0700000| PB 0x00000000e0700000| Untracked |  0
|   8|0x00000000e0800000, 0x00000000e0800000, 0x00000000e0900000|  0%| F|  |TAMS 0x00000000e0800000| PB 0x00000000e0800000| Untracked |  0
|   9|0x00000000e0900000, 0x00000000e0900000, 0x00000000e0a00000|  0%| F|  |TAMS 0x00000000e0900000| PB 0x00000000e0900000| Untracked |  0
|  10|0x00000000e0a00000, 0x00000000e0a00000, 0x00000000e0b00000|  0%| F|  |TAMS 0x00000000e0a00000| PB 0x00000000e0a00000| Untracked |  0
|  11|0x00000000e0b00000, 0x00000000e0b00000, 0x00000000e0c00000|  0%| F|  |TAMS 0x00000000e0b00000| PB 0x00000000e0b00000| Untracked |  0
|  12|0x00000000e0c00000, 0x00000000e0c00000, 0x00000000e0d00000|  0%| F|  |TAMS 0x00000000e0c00000| PB 0x00000000e0c00000| Untracked |  0
|  13|0x00000000e0d00000, 0x00000000e0d00000, 0x00000000e0e00000|  0%| F|  |TAMS 0x00000000e0d00000| PB 0x00000000e0d00000| Untracked |  0
|  14|0x00000000e0e00000, 0x00000000e0e00000, 0x00000000e0f00000|  0%| F|  |TAMS 0x00000000e0e00000| PB 0x00000000e0e00000| Untracked |  0
|  15|0x00000000e0f00000, 0x00000000e0f00000, 0x00000000e1000000|  0%| F|  |TAMS 0x00000000e0f00000| PB 0x00000000e0f00000| Untracked |  0
|  16|0x00000000e1000000, 0x00000000e1000000, 0x00000000e1100000|  0%| F|  |TAMS 0x00000000e1000000| PB 0x00000000e1000000| Untracked |  0
|  17|0x00000000e1100000, 0x00000000e1100000, 0x00000000e1200000|  0%| F|  |TAMS 0x00000000e1100000| PB 0x00000000e1100000| Untracked |  0
|  18|0x00000000e1200000, 0x00000000e1200000, 0x00000000e1300000|  0%| F|  |TAMS 0x00000000e1200000| PB 0x00000000e1200000| Untracked |  0
|  19|0x00000000e1300000, 0x00000000e1300000, 0x00000000e1400000|  0%| F|  |TAMS 0x00000000e1300000| PB 0x00000000e1300000| Untracked |  0
|  20|0x00000000e1400000, 0x00000000e1400000, 0x00000000e1500000|  0%| F|  |TAMS 0x00000000e1400000| PB 0x00000000e1400000| Untracked |  0
|  21|0x00000000e1500000, 0x00000000e1500000, 0x00000000e1600000|  0%| F|  |TAMS 0x00000000e1500000| PB 0x00000000e1500000| Untracked |  0
|  22|0x00000000e1600000, 0x00000000e1600000, 0x00000000e1700000|  0%| F|  |TAMS 0x00000000e1600000| PB 0x00000000e1600000| Untracked |  0
|  23|0x00000000e1700000, 0x00000000e1700000, 0x00000000e1800000|  0%| F|  |TAMS 0x00000000e1700000| PB 0x00000000e1700000| Untracked |  0
|  24|0x00000000e1800000, 0x00000000e1800000, 0x00000000e1900000|  0%| F|  |TAMS 0x00000000e1800000| PB 0x00000000e1800000| Untracked |  0
|  25|0x00000000e1900000, 0x00000000e1900000, 0x00000000e1a00000|  0%| F|  |TAMS 0x00000000e1900000| PB 0x00000000e1900000| Untracked |  0
|  26|0x00000000e1a00000, 0x00000000e1a00000, 0x00000000e1b00000|  0%| F|  |TAMS 0x00000000e1a00000| PB 0x00000000e1a00000| Untracked |  0
|  27|0x00000000e1b00000, 0x00000000e1b00000, 0x00000000e1c00000|  0%| F|  |TAMS 0x00000000e1b00000| PB 0x00000000e1b00000| Untracked |  0
|  28|0x00000000e1c00000, 0x00000000e1c00000, 0x00000000e1d00000|  0%| F|  |TAMS 0x00000000e1c00000| PB 0x00000000e1c00000| Untracked |  0
|  29|0x00000000e1d00000, 0x00000000e1d00000, 0x00000000e1e00000|  0%| F|  |TAMS 0x00000000e1d00000| PB 0x00000000e1d00000| Untracked |  0
|  30|0x00000000e1e00000, 0x00000000e1e00000, 0x00000000e1f00000|  0%| F|  |TAMS 0x00000000e1e00000| PB 0x00000000e1e00000| Untracked |  0
|  31|0x00000000e1f00000, 0x00000000e1f00000, 0x00000000e2000000|  0%| F|  |TAMS 0x00000000e1f00000| PB 0x00000000e1f00000| Untracked |  0
|  32|0x00000000e2000000, 0x00000000e2000000, 0x00000000e2100000|  0%| F|  |TAMS 0x00000000e2000000| PB 0x00000000e2000000| Untracked |  0
|  33|0x00000000e2100000, 0x00000000e2100000, 0x00000000e2200000|  0%| F|  |TAMS 0x00000000e2100000| PB 0x00000000e2100000| Untracked |  0
|  34|0x00000000e2200000, 0x00000000e2200000, 0x00000000e2300000|  0%| F|  |TAMS 0x00000000e2200000| PB 0x00000000e2200000| Untracked |  0
|  35|0x00000000e2300000, 0x00000000e2300000, 0x00000000e2400000|  0%| F|  |TAMS 0x00000000e2300000| PB 0x00000000e2300000| Untracked |  0
|  36|0x00000000e2400000, 0x00000000e2400000, 0x00000000e2500000|  0%| F|  |TAMS 0x00000000e2400000| PB 0x00000000e2400000| Untracked |  0
|  37|0x00000000e2500000, 0x00000000e2500000, 0x00000000e2600000|  0%| F|  |TAMS 0x00000000e2500000| PB 0x00000000e2500000| Untracked |  0
|  38|0x00000000e2600000, 0x00000000e2600000, 0x00000000e2700000|  0%| F|  |TAMS 0x00000000e2600000| PB 0x00000000e2600000| Untracked |  0
|  39|0x00000000e2700000, 0x00000000e2700000, 0x00000000e2800000|  0%| F|  |TAMS 0x00000000e2700000| PB 0x00000000e2700000| Untracked |  0
|  40|0x00000000e2800000, 0x00000000e2800000, 0x00000000e2900000|  0%| F|  |TAMS 0x00000000e2800000| PB 0x00000000e2800000| Untracked |  0
|  41|0x00000000e2900000, 0x00000000e2900000, 0x00000000e2a00000|  0%| F|  |TAMS 0x00000000e2900000| PB 0x00000000e2900000| Untracked |  0
|  42|0x00000000e2a00000, 0x00000000e2a00000, 0x00000000e2b00000|  0%| F|  |TAMS 0x00000000e2a00000| PB 0x00000000e2a00000| Untracked |  0
|  43|0x00000000e2b00000, 0x00000000e2b00000, 0x00000000e2c00000|  0%| F|  |TAMS 0x00000000e2b00000| PB 0x00000000e2b00000| Untracked |  0
|  44|0x00000000e2c00000, 0x00000000e2c00000, 0x00000000e2d00000|  0%| F|  |TAMS 0x00000000e2c00000| PB 0x00000000e2c00000| Untracked |  0
|  45|0x00000000e2d00000, 0x00000000e2d00000, 0x00000000e2e00000|  0%| F|  |TAMS 0x00000000e2d00000| PB 0x00000000e2d00000| Untracked |  0
|  46|0x00000000e2e00000, 0x00000000e2e00000, 0x00000000e2f00000|  0%| F|  |TAMS 0x00000000e2e00000| PB 0x00000000e2e00000| Untracked |  0
|  47|0x00000000e2f00000, 0x00000000e2f00000, 0x00000000e3000000|  0%| F|  |TAMS 0x00000000e2f00000| PB 0x00000000e2f00000| Untracked |  0
|  48|0x00000000e3000000, 0x00000000e3000000, 0x00000000e3100000|  0%| F|  |TAMS 0x00000000e3000000| PB 0x00000000e3000000| Untracked |  0
|  49|0x00000000e3100000, 0x00000000e3100000, 0x00000000e3200000|  0%| F|  |TAMS 0x00000000e3100000| PB 0x00000000e3100000| Untracked |  0
|  50|0x00000000e3200000, 0x00000000e3200000, 0x00000000e3300000|  0%| F|  |TAMS 0x00000000e3200000| PB 0x00000000e3200000| Untracked |  0
|  51|0x00000000e3300000, 0x00000000e3300000, 0x00000000e3400000|  0%| F|  |TAMS 0x00000000e3300000| PB 0x00000000e3300000| Untracked |  0
|  52|0x00000000e3400000, 0x00000000e3400000, 0x00000000e3500000|  0%| F|  |TAMS 0x00000000e3400000| PB 0x00000000e3400000| Untracked |  0
|  53|0x00000000e3500000, 0x00000000e3500000, 0x00000000e3600000|  0%| F|  |TAMS 0x00000000e3500000| PB 0x00000000e3500000| Untracked |  0
|  54|0x00000000e3600000, 0x00000000e3600000, 0x00000000e3700000|  0%| F|  |TAMS 0x00000000e3600000| PB 0x00000000e3600000| Untracked |  0
|  55|0x00000000e3700000, 0x00000000e3700000, 0x00000000e3800000|  0%| F|  |TAMS 0x00000000e3700000| PB 0x00000000e3700000| Untracked |  0
|  56|0x00000000e3800000, 0x00000000e3800000, 0x00000000e3900000|  0%| F|  |TAMS 0x00000000e3800000| PB 0x00000000e3800000| Untracked |  0
|  57|0x00000000e3900000, 0x00000000e3900000, 0x00000000e3a00000|  0%| F|  |TAMS 0x00000000e3900000| PB 0x00000000e3900000| Untracked |  0
|  58|0x00000000e3a00000, 0x00000000e3a00000, 0x00000000e3b00000|  0%| F|  |TAMS 0x00000000e3a00000| PB 0x00000000e3a00000| Untracked |  0
|  59|0x00000000e3b00000, 0x00000000e3b00000, 0x00000000e3c00000|  0%| F|  |TAMS 0x00000000e3b00000| PB 0x00000000e3b00000| Untracked |  0
|  60|0x00000000e3c00000, 0x00000000e3c00000, 0x00000000e3d00000|  0%| F|  |TAMS 0x00000000e3c00000| PB 0x00000000e3c00000| Untracked |  0
|  61|0x00000000e3d00000, 0x00000000e3d00000, 0x00000000e3e00000|  0%| F|  |TAMS 0x00000000e3d00000| PB 0x00000000e3d00000| Untracked |  0
|  62|0x00000000e3e00000, 0x00000000e3e00000, 0x00000000e3f00000|  0%| F|  |TAMS 0x00000000e3e00000| PB 0x00000000e3e00000| Untracked |  0
|  63|0x00000000e3f00000, 0x00000000e3f00000, 0x00000000e4000000|  0%| F|  |TAMS 0x00000000e3f00000| PB 0x00000000e3f00000| Untracked |  0
|  64|0x00000000e4000000, 0x00000000e4000000, 0x00000000e4100000|  0%| F|  |TAMS 0x00000000e4000000| PB 0x00000000e4000000| Untracked |  0
|  65|0x00000000e4100000, 0x00000000e4100000, 0x00000000e4200000|  0%| F|  |TAMS 0x00000000e4100000| PB 0x00000000e4100000| Untracked |  0
|  66|0x00000000e4200000, 0x00000000e4200000, 0x00000000e4300000|  0%| F|  |TAMS 0x00000000e4200000| PB 0x00000000e4200000| Untracked |  0
|  67|0x00000000e4300000, 0x00000000e4300000, 0x00000000e4400000|  0%| F|  |TAMS 0x00000000e4300000| PB 0x00000000e4300000| Untracked |  0
|  68|0x00000000e4400000, 0x00000000e4400000, 0x00000000e4500000|  0%| F|  |TAMS 0x00000000e4400000| PB 0x00000000e4400000| Untracked |  0
|  69|0x00000000e4500000, 0x00000000e4500000, 0x00000000e4600000|  0%| F|  |TAMS 0x00000000e4500000| PB 0x00000000e4500000| Untracked |  0
|  70|0x00000000e4600000, 0x00000000e4600000, 0x00000000e4700000|  0%| F|  |TAMS 0x00000000e4600000| PB 0x00000000e4600000| Untracked |  0
|  71|0x00000000e4700000, 0x00000000e4700000, 0x00000000e4800000|  0%| F|  |TAMS 0x00000000e4700000| PB 0x00000000e4700000| Untracked |  0
|  72|0x00000000e4800000, 0x00000000e4800000, 0x00000000e4900000|  0%| F|  |TAMS 0x00000000e4800000| PB 0x00000000e4800000| Untracked |  0
|  73|0x00000000e4900000, 0x00000000e4900000, 0x00000000e4a00000|  0%| F|  |TAMS 0x00000000e4900000| PB 0x00000000e4900000| Untracked |  0
|  74|0x00000000e4a00000, 0x00000000e4a00000, 0x00000000e4b00000|  0%| F|  |TAMS 0x00000000e4a00000| PB 0x00000000e4a00000| Untracked |  0
|  75|0x00000000e4b00000, 0x00000000e4b00000, 0x00000000e4c00000|  0%| F|  |TAMS 0x00000000e4b00000| PB 0x00000000e4b00000| Untracked |  0
|  76|0x00000000e4c00000, 0x00000000e4c00000, 0x00000000e4d00000|  0%| F|  |TAMS 0x00000000e4c00000| PB 0x00000000e4c00000| Untracked |  0
|  77|0x00000000e4d00000, 0x00000000e4d00000, 0x00000000e4e00000|  0%| F|  |TAMS 0x00000000e4d00000| PB 0x00000000e4d00000| Untracked |  0
|  78|0x00000000e4e00000, 0x00000000e4e00000, 0x00000000e4f00000|  0%| F|  |TAMS 0x00000000e4e00000| PB 0x00000000e4e00000| Untracked |  0
|  79|0x00000000e4f00000, 0x00000000e4f00000, 0x00000000e5000000|  0%| F|  |TAMS 0x00000000e4f00000| PB 0x00000000e4f00000| Untracked |  0
|  80|0x00000000e5000000, 0x00000000e5000000, 0x00000000e5100000|  0%| F|  |TAMS 0x00000000e5000000| PB 0x00000000e5000000| Untracked |  0
|  81|0x00000000e5100000, 0x00000000e5100000, 0x00000000e5200000|  0%| F|  |TAMS 0x00000000e5100000| PB 0x00000000e5100000| Untracked |  0
|  82|0x00000000e5200000, 0x00000000e5200000, 0x00000000e5300000|  0%| F|  |TAMS 0x00000000e5200000| PB 0x00000000e5200000| Untracked |  0
|  83|0x00000000e5300000, 0x00000000e5300000, 0x00000000e5400000|  0%| F|  |TAMS 0x00000000e5300000| PB 0x00000000e5300000| Untracked |  0
|  84|0x00000000e5400000, 0x00000000e5400000, 0x00000000e5500000|  0%| F|  |TAMS 0x00000000e5400000| PB 0x00000000e5400000| Untracked |  0
|  85|0x00000000e5500000, 0x00000000e5500000, 0x00000000e5600000|  0%| F|  |TAMS 0x00000000e5500000| PB 0x00000000e5500000| Untracked |  0
|  86|0x00000000e5600000, 0x00000000e5600000, 0x00000000e5700000|  0%| F|  |TAMS 0x00000000e5600000| PB 0x00000000e5600000| Untracked |  0
|  87|0x00000000e5700000, 0x00000000e5700000, 0x00000000e5800000|  0%| F|  |TAMS 0x00000000e5700000| PB 0x00000000e5700000| Untracked |  0
|  88|0x00000000e5800000, 0x00000000e5800000, 0x00000000e5900000|  0%| F|  |TAMS 0x00000000e5800000| PB 0x00000000e5800000| Untracked |  0
|  89|0x00000000e5900000, 0x00000000e5900000, 0x00000000e5a00000|  0%| F|  |TAMS 0x00000000e5900000| PB 0x00000000e5900000| Untracked |  0
|  90|0x00000000e5a00000, 0x00000000e5a00000, 0x00000000e5b00000|  0%| F|  |TAMS 0x00000000e5a00000| PB 0x00000000e5a00000| Untracked |  0
|  91|0x00000000e5b00000, 0x00000000e5b00000, 0x00000000e5c00000|  0%| F|  |TAMS 0x00000000e5b00000| PB 0x00000000e5b00000| Untracked |  0
|  92|0x00000000e5c00000, 0x00000000e5c00000, 0x00000000e5d00000|  0%| F|  |TAMS 0x00000000e5c00000| PB 0x00000000e5c00000| Untracked |  0
|  93|0x00000000e5d00000, 0x00000000e5d00000, 0x00000000e5e00000|  0%| F|  |TAMS 0x00000000e5d00000| PB 0x00000000e5d00000| Untracked |  0
|  94|0x00000000e5e00000, 0x00000000e5e00000, 0x00000000e5f00000|  0%| F|  |TAMS 0x00000000e5e00000| PB 0x00000000e5e00000| Untracked |  0
|  95|0x00000000e5f00000, 0x00000000e5f00000, 0x00000000e6000000|  0%| F|  |TAMS 0x00000000e5f00000| PB 0x00000000e5f00000| Untracked |  0
|  96|0x00000000e6000000, 0x00000000e6000000, 0x00000000e6100000|  0%| F|  |TAMS 0x00000000e6000000| PB 0x00000000e6000000| Untracked |  0
|  97|0x00000000e6100000, 0x00000000e6100000, 0x00000000e6200000|  0%| F|  |TAMS 0x00000000e6100000| PB 0x00000000e6100000| Untracked |  0
|  98|0x00000000e6200000, 0x00000000e6200000, 0x00000000e6300000|  0%| F|  |TAMS 0x00000000e6200000| PB 0x00000000e6200000| Untracked |  0
|  99|0x00000000e6300000, 0x00000000e6300000, 0x00000000e6400000|  0%| F|  |TAMS 0x00000000e6300000| PB 0x00000000e6300000| Untracked |  0
| 100|0x00000000e6400000, 0x00000000e6400000, 0x00000000e6500000|  0%| F|  |TAMS 0x00000000e6400000| PB 0x00000000e6400000| Untracked |  0
| 101|0x00000000e6500000, 0x00000000e6500000, 0x00000000e6600000|  0%| F|  |TAMS 0x00000000e6500000| PB 0x00000000e6500000| Untracked |  0
| 102|0x00000000e6600000, 0x00000000e6600000, 0x00000000e6700000|  0%| F|  |TAMS 0x00000000e6600000| PB 0x00000000e6600000| Untracked |  0
| 103|0x00000000e6700000, 0x00000000e6700000, 0x00000000e6800000|  0%| F|  |TAMS 0x00000000e6700000| PB 0x00000000e6700000| Untracked |  0
| 104|0x00000000e6800000, 0x00000000e6800000, 0x00000000e6900000|  0%| F|  |TAMS 0x00000000e6800000| PB 0x00000000e6800000| Untracked |  0
| 105|0x00000000e6900000, 0x00000000e6900000, 0x00000000e6a00000|  0%| F|  |TAMS 0x00000000e6900000| PB 0x00000000e6900000| Untracked |  0
| 106|0x00000000e6a00000, 0x00000000e6a00000, 0x00000000e6b00000|  0%| F|  |TAMS 0x00000000e6a00000| PB 0x00000000e6a00000| Untracked |  0
| 107|0x00000000e6b00000, 0x00000000e6b00000, 0x00000000e6c00000|  0%| F|  |TAMS 0x00000000e6b00000| PB 0x00000000e6b00000| Untracked |  0
| 108|0x00000000e6c00000, 0x00000000e6c00000, 0x00000000e6d00000|  0%| F|  |TAMS 0x00000000e6c00000| PB 0x00000000e6c00000| Untracked |  0
| 109|0x00000000e6d00000, 0x00000000e6d00000, 0x00000000e6e00000|  0%| F|  |TAMS 0x00000000e6d00000| PB 0x00000000e6d00000| Untracked |  0
| 110|0x00000000e6e00000, 0x00000000e6e00000, 0x00000000e6f00000|  0%| F|  |TAMS 0x00000000e6e00000| PB 0x00000000e6e00000| Untracked |  0
| 111|0x00000000e6f00000, 0x00000000e6f00000, 0x00000000e7000000|  0%| F|  |TAMS 0x00000000e6f00000| PB 0x00000000e6f00000| Untracked |  0
| 112|0x00000000e7000000, 0x00000000e7000000, 0x00000000e7100000|  0%| F|  |TAMS 0x00000000e7000000| PB 0x00000000e7000000| Untracked |  0
| 113|0x00000000e7100000, 0x00000000e7100000, 0x00000000e7200000|  0%| F|  |TAMS 0x00000000e7100000| PB 0x00000000e7100000| Untracked |  0
| 114|0x00000000e7200000, 0x00000000e7200000, 0x00000000e7300000|  0%| F|  |TAMS 0x00000000e7200000| PB 0x00000000e7200000| Untracked |  0
| 115|0x00000000e7300000, 0x00000000e7300000, 0x00000000e7400000|  0%| F|  |TAMS 0x00000000e7300000| PB 0x00000000e7300000| Untracked |  0
| 116|0x00000000e7400000, 0x00000000e7400000, 0x00000000e7500000|  0%| F|  |TAMS 0x00000000e7400000| PB 0x00000000e7400000| Untracked |  0
| 117|0x00000000e7500000, 0x00000000e7500000, 0x00000000e7600000|  0%| F|  |TAMS 0x00000000e7500000| PB 0x00000000e7500000| Untracked |  0
| 118|0x00000000e7600000, 0x00000000e7600000, 0x00000000e7700000|  0%| F|  |TAMS 0x00000000e7600000| PB 0x00000000e7600000| Untracked |  0
| 119|0x00000000e7700000, 0x00000000e7700000, 0x00000000e7800000|  0%| F|  |TAMS 0x00000000e7700000| PB 0x00000000e7700000| Untracked |  0
| 120|0x00000000e7800000, 0x00000000e7800000, 0x00000000e7900000|  0%| F|  |TAMS 0x00000000e7800000| PB 0x00000000e7800000| Untracked |  0
| 121|0x00000000e7900000, 0x00000000e7900000, 0x00000000e7a00000|  0%| F|  |TAMS 0x00000000e7900000| PB 0x00000000e7900000| Untracked |  0
| 122|0x00000000e7a00000, 0x00000000e7a00000, 0x00000000e7b00000|  0%| F|  |TAMS 0x00000000e7a00000| PB 0x00000000e7a00000| Untracked |  0
| 123|0x00000000e7b00000, 0x00000000e7b00000, 0x00000000e7c00000|  0%| F|  |TAMS 0x00000000e7b00000| PB 0x00000000e7b00000| Untracked |  0
| 124|0x00000000e7c00000, 0x00000000e7c00000, 0x00000000e7d00000|  0%| F|  |TAMS 0x00000000e7c00000| PB 0x00000000e7c00000| Untracked |  0
| 125|0x00000000e7d00000, 0x00000000e7d00000, 0x00000000e7e00000|  0%| F|  |TAMS 0x00000000e7d00000| PB 0x00000000e7d00000| Untracked |  0
| 126|0x00000000e7e00000, 0x00000000e7e00000, 0x00000000e7f00000|  0%| F|  |TAMS 0x00000000e7e00000| PB 0x00000000e7e00000| Untracked |  0
| 127|0x00000000e7f00000, 0x00000000e7f00000, 0x00000000e8000000|  0%| F|  |TAMS 0x00000000e7f00000| PB 0x00000000e7f00000| Untracked |  0
| 128|0x00000000e8000000, 0x00000000e8000000, 0x00000000e8100000|  0%| F|  |TAMS 0x00000000e8000000| PB 0x00000000e8000000| Untracked |  0
| 129|0x00000000e8100000, 0x00000000e8100000, 0x00000000e8200000|  0%| F|  |TAMS 0x00000000e8100000| PB 0x00000000e8100000| Untracked |  0
| 130|0x00000000e8200000, 0x00000000e8200000, 0x00000000e8300000|  0%| F|  |TAMS 0x00000000e8200000| PB 0x00000000e8200000| Untracked |  0
| 131|0x00000000e8300000, 0x00000000e8300000, 0x00000000e8400000|  0%| F|  |TAMS 0x00000000e8300000| PB 0x00000000e8300000| Untracked |  0
| 132|0x00000000e8400000, 0x00000000e8400000, 0x00000000e8500000|  0%| F|  |TAMS 0x00000000e8400000| PB 0x00000000e8400000| Untracked |  0
| 133|0x00000000e8500000, 0x00000000e8500000, 0x00000000e8600000|  0%| F|  |TAMS 0x00000000e8500000| PB 0x00000000e8500000| Untracked |  0
| 134|0x00000000e8600000, 0x00000000e8600000, 0x00000000e8700000|  0%| F|  |TAMS 0x00000000e8600000| PB 0x00000000e8600000| Untracked |  0
| 135|0x00000000e8700000, 0x00000000e8700000, 0x00000000e8800000|  0%| F|  |TAMS 0x00000000e8700000| PB 0x00000000e8700000| Untracked |  0
| 136|0x00000000e8800000, 0x00000000e8800000, 0x00000000e8900000|  0%| F|  |TAMS 0x00000000e8800000| PB 0x00000000e8800000| Untracked |  0
| 137|0x00000000e8900000, 0x00000000e8900000, 0x00000000e8a00000|  0%| F|  |TAMS 0x00000000e8900000| PB 0x00000000e8900000| Untracked |  0
| 138|0x00000000e8a00000, 0x00000000e8a00000, 0x00000000e8b00000|  0%| F|  |TAMS 0x00000000e8a00000| PB 0x00000000e8a00000| Untracked |  0
| 139|0x00000000e8b00000, 0x00000000e8b00000, 0x00000000e8c00000|  0%| F|  |TAMS 0x00000000e8b00000| PB 0x00000000e8b00000| Untracked |  0
| 140|0x00000000e8c00000, 0x00000000e8c00000, 0x00000000e8d00000|  0%| F|  |TAMS 0x00000000e8c00000| PB 0x00000000e8c00000| Untracked |  0
| 141|0x00000000e8d00000, 0x00000000e8d00000, 0x00000000e8e00000|  0%| F|  |TAMS 0x00000000e8d00000| PB 0x00000000e8d00000| Untracked |  0
| 142|0x00000000e8e00000, 0x00000000e8e00000, 0x00000000e8f00000|  0%| F|  |TAMS 0x00000000e8e00000| PB 0x00000000e8e00000| Untracked |  0
| 143|0x00000000e8f00000, 0x00000000e8f00000, 0x00000000e9000000|  0%| F|  |TAMS 0x00000000e8f00000| PB 0x00000000e8f00000| Untracked |  0
| 144|0x00000000e9000000, 0x00000000e9000000, 0x00000000e9100000|  0%| F|  |TAMS 0x00000000e9000000| PB 0x00000000e9000000| Untracked |  0
| 145|0x00000000e9100000, 0x00000000e9100000, 0x00000000e9200000|  0%| F|  |TAMS 0x00000000e9100000| PB 0x00000000e9100000| Untracked |  0
| 146|0x00000000e9200000, 0x00000000e9200000, 0x00000000e9300000|  0%| F|  |TAMS 0x00000000e9200000| PB 0x00000000e9200000| Untracked |  0
| 147|0x00000000e9300000, 0x00000000e9300000, 0x00000000e9400000|  0%| F|  |TAMS 0x00000000e9300000| PB 0x00000000e9300000| Untracked |  0
| 148|0x00000000e9400000, 0x00000000e9400000, 0x00000000e9500000|  0%| F|  |TAMS 0x00000000e9400000| PB 0x00000000e9400000| Untracked |  0
| 149|0x00000000e9500000, 0x00000000e9500000, 0x00000000e9600000|  0%| F|  |TAMS 0x00000000e9500000| PB 0x00000000e9500000| Untracked |  0
| 150|0x00000000e9600000, 0x00000000e9600000, 0x00000000e9700000|  0%| F|  |TAMS 0x00000000e9600000| PB 0x00000000e9600000| Untracked |  0
| 151|0x00000000e9700000, 0x00000000e9700000, 0x00000000e9800000|  0%| F|  |TAMS 0x00000000e9700000| PB 0x00000000e9700000| Untracked |  0
| 152|0x00000000e9800000, 0x00000000e9800000, 0x00000000e9900000|  0%| F|  |TAMS 0x00000000e9800000| PB 0x00000000e9800000| Untracked |  0
| 153|0x00000000e9900000, 0x00000000e9900000, 0x00000000e9a00000|  0%| F|  |TAMS 0x00000000e9900000| PB 0x00000000e9900000| Untracked |  0
| 154|0x00000000e9a00000, 0x00000000e9a00000, 0x00000000e9b00000|  0%| F|  |TAMS 0x00000000e9a00000| PB 0x00000000e9a00000| Untracked |  0
| 155|0x00000000e9b00000, 0x00000000e9b00000, 0x00000000e9c00000|  0%| F|  |TAMS 0x00000000e9b00000| PB 0x00000000e9b00000| Untracked |  0
| 156|0x00000000e9c00000, 0x00000000e9c00000, 0x00000000e9d00000|  0%| F|  |TAMS 0x00000000e9c00000| PB 0x00000000e9c00000| Untracked |  0
| 157|0x00000000e9d00000, 0x00000000e9d00000, 0x00000000e9e00000|  0%| F|  |TAMS 0x00000000e9d00000| PB 0x00000000e9d00000| Untracked |  0
| 158|0x00000000e9e00000, 0x00000000e9e00000, 0x00000000e9f00000|  0%| F|  |TAMS 0x00000000e9e00000| PB 0x00000000e9e00000| Untracked |  0
| 159|0x00000000e9f00000, 0x00000000e9f00000, 0x00000000ea000000|  0%| F|  |TAMS 0x00000000e9f00000| PB 0x00000000e9f00000| Untracked |  0
| 160|0x00000000ea000000, 0x00000000ea000000, 0x00000000ea100000|  0%| F|  |TAMS 0x00000000ea000000| PB 0x00000000ea000000| Untracked |  0
| 161|0x00000000ea100000, 0x00000000ea100000, 0x00000000ea200000|  0%| F|  |TAMS 0x00000000ea100000| PB 0x00000000ea100000| Untracked |  0
| 162|0x00000000ea200000, 0x00000000ea200000, 0x00000000ea300000|  0%| F|  |TAMS 0x00000000ea200000| PB 0x00000000ea200000| Untracked |  0
| 163|0x00000000ea300000, 0x00000000ea300000, 0x00000000ea400000|  0%| F|  |TAMS 0x00000000ea300000| PB 0x00000000ea300000| Untracked |  0
| 164|0x00000000ea400000, 0x00000000ea400000, 0x00000000ea500000|  0%| F|  |TAMS 0x00000000ea400000| PB 0x00000000ea400000| Untracked |  0
| 165|0x00000000ea500000, 0x00000000ea500000, 0x00000000ea600000|  0%| F|  |TAMS 0x00000000ea500000| PB 0x00000000ea500000| Untracked |  0
| 166|0x00000000ea600000, 0x00000000ea600000, 0x00000000ea700000|  0%| F|  |TAMS 0x00000000ea600000| PB 0x00000000ea600000| Untracked |  0
| 167|0x00000000ea700000, 0x00000000ea700000, 0x00000000ea800000|  0%| F|  |TAMS 0x00000000ea700000| PB 0x00000000ea700000| Untracked |  0
| 168|0x00000000ea800000, 0x00000000ea800000, 0x00000000ea900000|  0%| F|  |TAMS 0x00000000ea800000| PB 0x00000000ea800000| Untracked |  0
| 169|0x00000000ea900000, 0x00000000ea900000, 0x00000000eaa00000|  0%| F|  |TAMS 0x00000000ea900000| PB 0x00000000ea900000| Untracked |  0
| 170|0x00000000eaa00000, 0x00000000eaa00000, 0x00000000eab00000|  0%| F|  |TAMS 0x00000000eaa00000| PB 0x00000000eaa00000| Untracked |  0
| 171|0x00000000eab00000, 0x00000000eab00000, 0x00000000eac00000|  0%| F|  |TAMS 0x00000000eab00000| PB 0x00000000eab00000| Untracked |  0
| 172|0x00000000eac00000, 0x00000000ead00000, 0x00000000ead00000|100%| S|CS|TAMS 0x00000000eac00000| PB 0x00000000eac00000| Complete |  0
| 173|0x00000000ead00000, 0x00000000eae00000, 0x00000000eae00000|100%| S|CS|TAMS 0x00000000ead00000| PB 0x00000000ead00000| Complete |  0
| 174|0x00000000eae00000, 0x00000000eaf00000, 0x00000000eaf00000|100%| S|CS|TAMS 0x00000000eae00000| PB 0x00000000eae00000| Complete |  0
| 175|0x00000000eaf00000, 0x00000000eb000000, 0x00000000eb000000|100%| S|CS|TAMS 0x00000000eaf00000| PB 0x00000000eaf00000| Complete |  0
| 176|0x00000000eb000000, 0x00000000eb100000, 0x00000000eb100000|100%| S|CS|TAMS 0x00000000eb000000| PB 0x00000000eb000000| Complete |  0
| 177|0x00000000eb100000, 0x00000000eb200000, 0x00000000eb200000|100%| S|CS|TAMS 0x00000000eb100000| PB 0x00000000eb100000| Complete |  0
| 178|0x00000000eb200000, 0x00000000eb300000, 0x00000000eb300000|100%| S|CS|TAMS 0x00000000eb200000| PB 0x00000000eb200000| Complete |  0
| 179|0x00000000eb300000, 0x00000000eb400000, 0x00000000eb400000|100%| S|CS|TAMS 0x00000000eb300000| PB 0x00000000eb300000| Complete |  0
| 180|0x00000000eb400000, 0x00000000eb500000, 0x00000000eb500000|100%| S|CS|TAMS 0x00000000eb400000| PB 0x00000000eb400000| Complete |  0
| 181|0x00000000eb500000, 0x00000000eb600000, 0x00000000eb600000|100%| S|CS|TAMS 0x00000000eb500000| PB 0x00000000eb500000| Complete |  0
| 182|0x00000000eb600000, 0x00000000eb700000, 0x00000000eb700000|100%| E|  |TAMS 0x00000000eb600000| PB 0x00000000eb600000| Complete |  0
| 183|0x00000000eb700000, 0x00000000eb800000, 0x00000000eb800000|100%| E|CS|TAMS 0x00000000eb700000| PB 0x00000000eb700000| Complete |  0
| 184|0x00000000eb800000, 0x00000000eb900000, 0x00000000eb900000|100%| E|CS|TAMS 0x00000000eb800000| PB 0x00000000eb800000| Complete |  0
| 185|0x00000000eb900000, 0x00000000eba00000, 0x00000000eba00000|100%| E|CS|TAMS 0x00000000eb900000| PB 0x00000000eb900000| Complete |  0
| 186|0x00000000eba00000, 0x00000000ebb00000, 0x00000000ebb00000|100%| E|CS|TAMS 0x00000000eba00000| PB 0x00000000eba00000| Complete |  0
| 187|0x00000000ebb00000, 0x00000000ebc00000, 0x00000000ebc00000|100%| E|CS|TAMS 0x00000000ebb00000| PB 0x00000000ebb00000| Complete |  0
| 188|0x00000000ebc00000, 0x00000000ebd00000, 0x00000000ebd00000|100%| E|CS|TAMS 0x00000000ebc00000| PB 0x00000000ebc00000| Complete |  0
| 189|0x00000000ebd00000, 0x00000000ebe00000, 0x00000000ebe00000|100%| E|CS|TAMS 0x00000000ebd00000| PB 0x00000000ebd00000| Complete |  0
| 190|0x00000000ebe00000, 0x00000000ebf00000, 0x00000000ebf00000|100%| E|CS|TAMS 0x00000000ebe00000| PB 0x00000000ebe00000| Complete |  0
| 191|0x00000000ebf00000, 0x00000000ec000000, 0x00000000ec000000|100%| E|CS|TAMS 0x00000000ebf00000| PB 0x00000000ebf00000| Complete |  0
| 192|0x00000000ec000000, 0x00000000ec100000, 0x00000000ec100000|100%| E|CS|TAMS 0x00000000ec000000| PB 0x00000000ec000000| Complete |  0
| 193|0x00000000ec100000, 0x00000000ec200000, 0x00000000ec200000|100%| E|CS|TAMS 0x00000000ec100000| PB 0x00000000ec100000| Complete |  0
| 194|0x00000000ec200000, 0x00000000ec300000, 0x00000000ec300000|100%| E|CS|TAMS 0x00000000ec200000| PB 0x00000000ec200000| Complete |  0
| 195|0x00000000ec300000, 0x00000000ec400000, 0x00000000ec400000|100%| E|CS|TAMS 0x00000000ec300000| PB 0x00000000ec300000| Complete |  0
| 196|0x00000000ec400000, 0x00000000ec500000, 0x00000000ec500000|100%| E|CS|TAMS 0x00000000ec400000| PB 0x00000000ec400000| Complete |  0
| 197|0x00000000ec500000, 0x00000000ec600000, 0x00000000ec600000|100%| E|CS|TAMS 0x00000000ec500000| PB 0x00000000ec500000| Complete |  0
| 198|0x00000000ec600000, 0x00000000ec700000, 0x00000000ec700000|100%| E|CS|TAMS 0x00000000ec600000| PB 0x00000000ec600000| Complete |  0
| 199|0x00000000ec700000, 0x00000000ec800000, 0x00000000ec800000|100%| E|CS|TAMS 0x00000000ec700000| PB 0x00000000ec700000| Complete |  0
| 200|0x00000000ec800000, 0x00000000ec900000, 0x00000000ec900000|100%| E|CS|TAMS 0x00000000ec800000| PB 0x00000000ec800000| Complete |  0
| 201|0x00000000ec900000, 0x00000000eca00000, 0x00000000eca00000|100%| E|CS|TAMS 0x00000000ec900000| PB 0x00000000ec900000| Complete |  0
| 202|0x00000000eca00000, 0x00000000ecb00000, 0x00000000ecb00000|100%| E|CS|TAMS 0x00000000eca00000| PB 0x00000000eca00000| Complete |  0
| 203|0x00000000ecb00000, 0x00000000ecc00000, 0x00000000ecc00000|100%| E|CS|TAMS 0x00000000ecb00000| PB 0x00000000ecb00000| Complete |  0
| 204|0x00000000ecc00000, 0x00000000ecd00000, 0x00000000ecd00000|100%| E|CS|TAMS 0x00000000ecc00000| PB 0x00000000ecc00000| Complete |  0
| 205|0x00000000ecd00000, 0x00000000ece00000, 0x00000000ece00000|100%| E|CS|TAMS 0x00000000ecd00000| PB 0x00000000ecd00000| Complete |  0
| 206|0x00000000ece00000, 0x00000000ecf00000, 0x00000000ecf00000|100%| E|CS|TAMS 0x00000000ece00000| PB 0x00000000ece00000| Complete |  0
| 207|0x00000000ecf00000, 0x00000000ed000000, 0x00000000ed000000|100%| E|CS|TAMS 0x00000000ecf00000| PB 0x00000000ecf00000| Complete |  0
| 208|0x00000000ed000000, 0x00000000ed100000, 0x00000000ed100000|100%| E|CS|TAMS 0x00000000ed000000| PB 0x00000000ed000000| Complete |  0
| 209|0x00000000ed100000, 0x00000000ed200000, 0x00000000ed200000|100%| E|CS|TAMS 0x00000000ed100000| PB 0x00000000ed100000| Complete |  0
| 210|0x00000000ed200000, 0x00000000ed300000, 0x00000000ed300000|100%| E|CS|TAMS 0x00000000ed200000| PB 0x00000000ed200000| Complete |  0
| 211|0x00000000ed300000, 0x00000000ed400000, 0x00000000ed400000|100%| E|CS|TAMS 0x00000000ed300000| PB 0x00000000ed300000| Complete |  0
| 212|0x00000000ed400000, 0x00000000ed500000, 0x00000000ed500000|100%| E|CS|TAMS 0x00000000ed400000| PB 0x00000000ed400000| Complete |  0
| 213|0x00000000ed500000, 0x00000000ed600000, 0x00000000ed600000|100%| E|CS|TAMS 0x00000000ed500000| PB 0x00000000ed500000| Complete |  0
| 214|0x00000000ed600000, 0x00000000ed700000, 0x00000000ed700000|100%| E|CS|TAMS 0x00000000ed600000| PB 0x00000000ed600000| Complete |  0
| 215|0x00000000ed700000, 0x00000000ed800000, 0x00000000ed800000|100%| E|CS|TAMS 0x00000000ed700000| PB 0x00000000ed700000| Complete |  0
| 216|0x00000000ed800000, 0x00000000ed900000, 0x00000000ed900000|100%| E|CS|TAMS 0x00000000ed800000| PB 0x00000000ed800000| Complete |  0
| 217|0x00000000ed900000, 0x00000000eda00000, 0x00000000eda00000|100%| E|CS|TAMS 0x00000000ed900000| PB 0x00000000ed900000| Complete |  0
| 218|0x00000000eda00000, 0x00000000edb00000, 0x00000000edb00000|100%| E|CS|TAMS 0x00000000eda00000| PB 0x00000000eda00000| Complete |  0
| 219|0x00000000edb00000, 0x00000000edc00000, 0x00000000edc00000|100%| E|CS|TAMS 0x00000000edb00000| PB 0x00000000edb00000| Complete |  0
| 220|0x00000000edc00000, 0x00000000edd00000, 0x00000000edd00000|100%| E|CS|TAMS 0x00000000edc00000| PB 0x00000000edc00000| Complete |  0
| 221|0x00000000edd00000, 0x00000000ede00000, 0x00000000ede00000|100%| E|CS|TAMS 0x00000000edd00000| PB 0x00000000edd00000| Complete |  0
| 222|0x00000000ede00000, 0x00000000edf00000, 0x00000000edf00000|100%| E|CS|TAMS 0x00000000ede00000| PB 0x00000000ede00000| Complete |  0
| 223|0x00000000edf00000, 0x00000000ee000000, 0x00000000ee000000|100%| E|CS|TAMS 0x00000000edf00000| PB 0x00000000edf00000| Complete |  0
| 224|0x00000000ee000000, 0x00000000ee100000, 0x00000000ee100000|100%| E|CS|TAMS 0x00000000ee000000| PB 0x00000000ee000000| Complete |  0
| 225|0x00000000ee100000, 0x00000000ee200000, 0x00000000ee200000|100%| E|CS|TAMS 0x00000000ee100000| PB 0x00000000ee100000| Complete |  0
| 226|0x00000000ee200000, 0x00000000ee300000, 0x00000000ee300000|100%| E|CS|TAMS 0x00000000ee200000| PB 0x00000000ee200000| Complete |  0
| 227|0x00000000ee300000, 0x00000000ee400000, 0x00000000ee400000|100%| E|CS|TAMS 0x00000000ee300000| PB 0x00000000ee300000| Complete |  0
| 228|0x00000000ee400000, 0x00000000ee500000, 0x00000000ee500000|100%| E|CS|TAMS 0x00000000ee400000| PB 0x00000000ee400000| Complete |  0
| 229|0x00000000ee500000, 0x00000000ee600000, 0x00000000ee600000|100%| E|CS|TAMS 0x00000000ee500000| PB 0x00000000ee500000| Complete |  0
| 230|0x00000000ee600000, 0x00000000ee700000, 0x00000000ee700000|100%| E|CS|TAMS 0x00000000ee600000| PB 0x00000000ee600000| Complete |  0
| 231|0x00000000ee700000, 0x00000000ee800000, 0x00000000ee800000|100%| E|CS|TAMS 0x00000000ee700000| PB 0x00000000ee700000| Complete |  0
| 232|0x00000000ee800000, 0x00000000ee900000, 0x00000000ee900000|100%| E|CS|TAMS 0x00000000ee800000| PB 0x00000000ee800000| Complete |  0
| 233|0x00000000ee900000, 0x00000000eea00000, 0x00000000eea00000|100%| E|CS|TAMS 0x00000000ee900000| PB 0x00000000ee900000| Complete |  0
| 234|0x00000000eea00000, 0x00000000eeb00000, 0x00000000eeb00000|100%| E|CS|TAMS 0x00000000eea00000| PB 0x00000000eea00000| Complete |  0
| 235|0x00000000eeb00000, 0x00000000eec00000, 0x00000000eec00000|100%| E|CS|TAMS 0x00000000eeb00000| PB 0x00000000eeb00000| Complete |  0
| 236|0x00000000eec00000, 0x00000000eed00000, 0x00000000eed00000|100%| E|CS|TAMS 0x00000000eec00000| PB 0x00000000eec00000| Complete |  0
| 237|0x00000000eed00000, 0x00000000eee00000, 0x00000000eee00000|100%| E|CS|TAMS 0x00000000eed00000| PB 0x00000000eed00000| Complete |  0
| 238|0x00000000eee00000, 0x00000000eef00000, 0x00000000eef00000|100%| E|CS|TAMS 0x00000000eee00000| PB 0x00000000eee00000| Complete |  0
| 239|0x00000000eef00000, 0x00000000ef000000, 0x00000000ef000000|100%| E|CS|TAMS 0x00000000eef00000| PB 0x00000000eef00000| Complete |  0
| 240|0x00000000ef000000, 0x00000000ef100000, 0x00000000ef100000|100%| E|CS|TAMS 0x00000000ef000000| PB 0x00000000ef000000| Complete |  0
| 241|0x00000000ef100000, 0x00000000ef200000, 0x00000000ef200000|100%| E|CS|TAMS 0x00000000ef100000| PB 0x00000000ef100000| Complete |  0
| 242|0x00000000ef200000, 0x00000000ef300000, 0x00000000ef300000|100%| E|CS|TAMS 0x00000000ef200000| PB 0x00000000ef200000| Complete |  0
| 243|0x00000000ef300000, 0x00000000ef400000, 0x00000000ef400000|100%| E|CS|TAMS 0x00000000ef300000| PB 0x00000000ef300000| Complete |  0
| 244|0x00000000ef400000, 0x00000000ef500000, 0x00000000ef500000|100%| E|CS|TAMS 0x00000000ef400000| PB 0x00000000ef400000| Complete |  0
| 245|0x00000000ef500000, 0x00000000ef600000, 0x00000000ef600000|100%| E|CS|TAMS 0x00000000ef500000| PB 0x00000000ef500000| Complete |  0
| 246|0x00000000ef600000, 0x00000000ef700000, 0x00000000ef700000|100%| E|CS|TAMS 0x00000000ef600000| PB 0x00000000ef600000| Complete |  0
| 247|0x00000000ef700000, 0x00000000ef800000, 0x00000000ef800000|100%| E|CS|TAMS 0x00000000ef700000| PB 0x00000000ef700000| Complete |  0
| 248|0x00000000ef800000, 0x00000000ef900000, 0x00000000ef900000|100%| E|CS|TAMS 0x00000000ef800000| PB 0x00000000ef800000| Complete |  0
| 249|0x00000000ef900000, 0x00000000efa00000, 0x00000000efa00000|100%| E|CS|TAMS 0x00000000ef900000| PB 0x00000000ef900000| Complete |  0
| 250|0x00000000efa00000, 0x00000000efb00000, 0x00000000efb00000|100%| E|CS|TAMS 0x00000000efa00000| PB 0x00000000efa00000| Complete |  0
| 251|0x00000000efb00000, 0x00000000efc00000, 0x00000000efc00000|100%| E|CS|TAMS 0x00000000efb00000| PB 0x00000000efb00000| Complete |  0
| 252|0x00000000efc00000, 0x00000000efd00000, 0x00000000efd00000|100%| E|CS|TAMS 0x00000000efc00000| PB 0x00000000efc00000| Complete |  0
| 253|0x00000000efd00000, 0x00000000efe00000, 0x00000000efe00000|100%| E|CS|TAMS 0x00000000efd00000| PB 0x00000000efd00000| Complete |  0
| 254|0x00000000efe00000, 0x00000000eff00000, 0x00000000eff00000|100%| E|CS|TAMS 0x00000000efe00000| PB 0x00000000efe00000| Complete |  0
| 255|0x00000000eff00000, 0x00000000f0000000, 0x00000000f0000000|100%| E|CS|TAMS 0x00000000eff00000| PB 0x00000000eff00000| Complete |  0
| 510|0x00000000ffe00000, 0x00000000fff00000, 0x00000000fff00000|100%| O|  |TAMS 0x00000000ffe00000| PB 0x00000000ffe00000| Untracked |  0
| 511|0x00000000fff00000, 0x00000000fff257b8, 0x0000000100000000| 14%| O|  |TAMS 0x00000000fff00000| PB 0x00000000fff00000| Untracked |  0

Card table byte_map: [0x0000019fff9e0000,0x0000019fffae0000] _byte_map_base: 0x0000019fff2e0000

Marking Bits: (CMBitMap*) 0x0000019fff937e60
 Bits: [0x0000019f977d0000, 0x0000019f97fd0000)

Polling page: 0x0000019ffd810000

Metaspace:
Metaspace        used 19512K, committed 19776K, reserved 1114112K
 class space     used 2352K, committed 2496K, reserved 1048576K

Usage:
  Non-class:     16.76 MB used.
      Class:      2.30 MB used.
       Both:     19.05 MB used.

Virtual space:
  Non-class space:       64.00 MB reserved,      16.88 MB ( 26%) committed,  1 nodes.
      Class space:        1.00 GB reserved,       2.44 MB ( <1%) committed,  1 nodes.
             Both:        1.06 GB reserved,      19.31 MB (  2%) committed. 

Chunk freelists:
   Non-Class:  15.12 MB
       Class:  13.47 MB
        Both:  28.59 MB

MaxMetaspaceSize: unlimited
CompressedClassSpaceSize: 1.00 GB
Initial GC threshold: 21.00 MB
Current GC threshold: 21.00 MB
CDS: on
 - commit_granule_bytes: 65536.
 - commit_granule_words: 8192.
 - virtual_space_node_default_size: 8388608.
 - enlarge_chunks_in_place: 1.
UseCompressedClassPointers 1, UseCompactObjectHeaders 0
Narrow klass pointer bits 32, Max shift 3
Narrow klass base: 0x0000000080000000, Narrow klass shift: 0
Encoding Range: [0x0000000080000000 - 0x0000000180000000), (4294967296 bytes)
Klass Range:    [0x0000000080010000 - 0x00000000c1000000), (1090453504 bytes)
Klass ID Range:  [65536 - 1090519033) (1090453497)
Protection zone: [0x0000000080000000 - 0x0000000080010000), (65536 bytes)


Internal statistics:

num_allocs_failed_limit: 0.
num_arena_births: 190.
num_arena_deaths: 0.
num_vsnodes_births: 2.
num_vsnodes_deaths: 0.
num_space_committed: 309.
num_space_uncommitted: 0.
num_chunks_returned_to_freelist: 0.
num_chunks_taken_from_freelist: 884.
num_chunk_merges: 0.
num_chunk_splits: 606.
num_chunks_enlarged: 486.
num_inconsistent_stats: 0.

CodeHeap 'non-profiled nmethods': size=120064Kb used=1885Kb max_used=1885Kb free=118178Kb
 bounds [0x0000019f90290000, 0x0000019f90500000, 0x0000019f977d0000]
CodeHeap 'profiled nmethods': size=120000Kb used=8186Kb max_used=8186Kb free=111813Kb
 bounds [0x0000019f887d0000, 0x0000019f88fd0000, 0x0000019f8fd00000]
CodeHeap 'non-nmethods': size=5696Kb used=1417Kb max_used=1456Kb free=4278Kb
 bounds [0x0000019f8fd00000, 0x0000019f8ff70000, 0x0000019f90290000]
CodeCache: size=245760Kb, used=11488Kb, max_used=11527Kb, free=234269Kb
 total_blobs=5575, nmethods=5031, adapters=445, full_count=0
Compilation: enabled, stopped_count=0, restarted_count=0

Compilation events (20 events):
Event: 24.400 Thread 0x0000019fff9c9df0 5016       1       jdk.internal.constant.PrimitiveClassDescImpl::isPrimitive (2 bytes)
Event: 24.400 Thread 0x0000019fff9c9df0 nmethod 5016 0x0000019f90465c08 code [0x0000019f90465d00, 0x0000019f90465dc8]
Event: 24.526 Thread 0x0000019fff9c9df0 5017       3       jdk.internal.classfile.impl.StackMapGenerator$Frame::initializeObject (90 bytes)
Event: 24.527 Thread 0x0000019fff9c9df0 nmethod 5017 0x0000019f88fc5c88 code [0x0000019f88fc5d80, 0x0000019f88fc6560]
Event: 24.541 Thread 0x0000019fff9c9df0 5018       3       java.util.stream.Sink::begin (1 bytes)
Event: 24.541 Thread 0x0000019fff9c9df0 nmethod 5018 0x0000019f88fc6588 code [0x0000019f88fc6680, 0x0000019f88fc6788]
Event: 24.547 Thread 0x0000019fff9c9df0 5020       3       java.lang.invoke.LambdaForm::returnType (26 bytes)
Event: 24.548 Thread 0x0000019fff9c9df0 nmethod 5020 0x0000019f88fc6888 code [0x0000019f88fc6980, 0x0000019f88fc6b18]
Event: 24.636 Thread 0x0000019fff9c9df0 5021       3       java.lang.invoke.TypeConvertingMethodAdapter::convertType (269 bytes)
Event: 24.641 Thread 0x0000019fff9c9df0 nmethod 5021 0x0000019f88fc6b88 code [0x0000019f88fc6c80, 0x0000019f88fcb428]
Event: 24.650 Thread 0x0000019fff9c9df0 5022       3       java.nio.Buffer::limit (65 bytes)
Event: 24.650 Thread 0x0000019fff9c9df0 nmethod 5022 0x0000019f88fcb488 code [0x0000019f88fcb580, 0x0000019f88fcb7f8]
Event: 24.725 Thread 0x0000019fff9c9df0 5023       3       java.lang.ClassLoader::loadClass (7 bytes)
Event: 24.725 Thread 0x0000019fff9c9df0 nmethod 5023 0x0000019f88fcb808 code [0x0000019f88fcb900, 0x0000019f88fcbad0]
Event: 24.733 Thread 0x0000019fff9c9df0 5024       3       jdk.internal.jimage.ImageLocation::getAttribute (44 bytes)
Event: 24.734 Thread 0x0000019fff9c9df0 nmethod 5024 0x0000019f88fcbb08 code [0x0000019f88fcbc00, 0x0000019f88fcc480]
Event: 24.746 Thread 0x0000019fff9c9df0 5025       1       java.nio.DirectByteBuffer::attachment (5 bytes)
Event: 24.746 Thread 0x0000019fff9c9df0 nmethod 5025 0x0000019f90466208 code [0x0000019f90466300, 0x0000019f904663c8]
Event: 24.795 Thread 0x0000019fff9c9df0 5027       3       java.lang.invoke.InfoFromMemberName::getModifiers (8 bytes)
Event: 24.795 Thread 0x0000019fff9c9df0 nmethod 5027 0x0000019f88fcc508 code [0x0000019f88fcc600, 0x0000019f88fcc7f0]

GC Heap Usage History (4 events):
Event: 2.820 {heap Before GC invocations=0 (full 0):
 garbage-first heap   total reserved 524288K, committed 264192K, used 29845K [0x00000000e0000000, 0x0000000100000000)
  region size 1024K, 28 young (28672K), 0 survivors (0K)
}
Event: 2.830 {heap After GC invocations=1 (full 0):
 garbage-first heap   total reserved 524288K, committed 264192K, used 4453K [0x00000000e0000000, 0x0000000100000000)
  region size 1024K, 4 young (4096K), 4 survivors (4096K)
}
Event: 9.578 {heap Before GC invocations=1 (full 0):
 garbage-first heap   total reserved 524288K, committed 264192K, used 76133K [0x00000000e0000000, 0x0000000100000000)
  region size 1024K, 74 young (75776K), 4 survivors (4096K)
}
Event: 9.613 {heap After GC invocations=2 (full 0):
 garbage-first heap   total reserved 524288K, committed 264192K, used 11627K [0x00000000e0000000, 0x0000000100000000)
  region size 1024K, 10 young (10240K), 10 survivors (10240K)
}

Metaspace Usage History (4 events):
Event: 2.820 {metaspace Before GC invocations=0 (full 0):
 Metaspace       used 6256K, committed 6400K, reserved 1114112K
  class space    used 763K, committed 832K, reserved 1048576K
}
Event: 2.830 {metaspace After GC invocations=1 (full 0):
 Metaspace       used 6256K, committed 6400K, reserved 1114112K
  class space    used 763K, committed 832K, reserved 1048576K
}
Event: 9.578 {metaspace Before GC invocations=1 (full 0):
 Metaspace       used 15525K, committed 15744K, reserved 1114112K
  class space    used 1923K, committed 1984K, reserved 1048576K
}
Event: 9.613 {metaspace After GC invocations=2 (full 0):
 Metaspace       used 15525K, committed 15744K, reserved 1114112K
  class space    used 1923K, committed 1984K, reserved 1048576K
}

Dll operation events (7 events):
Event: 0.031 Loaded shared library C:\Program Files\Java\jdk-25.0.2\bin\java.dll
Event: 0.202 Loaded shared library C:\Program Files\Java\jdk-25.0.2\bin\net.dll
Event: 0.206 Loaded shared library C:\Program Files\Java\jdk-25.0.2\bin\nio.dll
Event: 0.220 Loaded shared library C:\Program Files\Java\jdk-25.0.2\bin\zip.dll
Event: 0.729 Loaded shared library C:\Users\Pratibha Awasthi\Doc_Flow_AI\backend\apache-maven-3.9.9\lib\jansi-native\Windows\x86_64\jansi.dll
Event: 0.743 Loaded shared library C:\Program Files\Java\jdk-25.0.2\bin\jimage.dll
Event: 0.760 Loaded shared library C:\Program Files\Java\jdk-25.0.2\bin\verify.dll

Deoptimization events (20 events):
Event: 24.119 Thread 0x0000019ffd69eba0 DEOPT PACKING pc=0x0000019f90458854 sp=0x0000006e896fe380
Event: 24.119 Thread 0x0000019ffd69eba0 DEOPT UNPACKING pc=0x0000019f8fd89102 sp=0x0000006e896fe300 mode 2
Event: 24.119 Thread 0x0000019ffd69eba0 Uncommon trap: trap_request=0xffffffbe fr.pc=0x0000019f90458854 relative=0x00000000000001d4
Event: 24.119 Thread 0x0000019ffd69eba0 Uncommon trap: reason=profile_predicate action=maybe_recompile pc=0x0000019f90458854 method=java.util.HashMap.keysToArray([Ljava/lang/Object;)[Ljava/lang/Object; @ 36 c2
Event: 24.119 Thread 0x0000019ffd69eba0 DEOPT PACKING pc=0x0000019f90458854 sp=0x0000006e896fe380
Event: 24.119 Thread 0x0000019ffd69eba0 DEOPT UNPACKING pc=0x0000019f8fd89102 sp=0x0000006e896fe300 mode 2
Event: 24.119 Thread 0x0000019ffd69eba0 Uncommon trap: trap_request=0xffffffbe fr.pc=0x0000019f90458854 relative=0x00000000000001d4
Event: 24.119 Thread 0x0000019ffd69eba0 Uncommon trap: reason=profile_predicate action=maybe_recompile pc=0x0000019f90458854 method=java.util.HashMap.keysToArray([Ljava/lang/Object;)[Ljava/lang/Object; @ 36 c2
Event: 24.119 Thread 0x0000019ffd69eba0 DEOPT PACKING pc=0x0000019f90458854 sp=0x0000006e896fe380
Event: 24.119 Thread 0x0000019ffd69eba0 DEOPT UNPACKING pc=0x0000019f8fd89102 sp=0x0000006e896fe300 mode 2
Event: 24.326 Thread 0x0000019ffd69eba0 DEOPT PACKING pc=0x0000019f889f00f5 sp=0x0000006e896fdec0
Event: 24.326 Thread 0x0000019ffd69eba0 DEOPT UNPACKING pc=0x0000019f8fd51702 sp=0x0000006e896fd3f8 mode 0
Event: 24.402 Thread 0x0000019ffd69eba0 Uncommon trap: trap_request=0xffffffbe fr.pc=0x0000019f903478ec relative=0x0000000000000dec
Event: 24.402 Thread 0x0000019ffd69eba0 Uncommon trap: reason=profile_predicate action=maybe_recompile pc=0x0000019f903478ec method=java.util.TimSort.binarySort([Ljava/lang/Object;IIILjava/util/Comparator;)V @ 34 c2
Event: 24.402 Thread 0x0000019ffd69eba0 DEOPT PACKING pc=0x0000019f903478ec sp=0x0000006e896fdf20
Event: 24.402 Thread 0x0000019ffd69eba0 DEOPT UNPACKING pc=0x0000019f8fd89102 sp=0x0000006e896fdef0 mode 2
Event: 24.537 Thread 0x0000019ffd69eba0 Uncommon trap: trap_request=0xffffff45 fr.pc=0x0000019f903762d0 relative=0x00000000000000d0
Event: 24.537 Thread 0x0000019ffd69eba0 Uncommon trap: reason=unstable_if action=reinterpret pc=0x0000019f903762d0 method=java.util.Spliterator.getExactSizeIfKnown()J @ 9 c2
Event: 24.537 Thread 0x0000019ffd69eba0 DEOPT PACKING pc=0x0000019f903762d0 sp=0x0000006e896fe140
Event: 24.538 Thread 0x0000019ffd69eba0 DEOPT UNPACKING pc=0x0000019f8fd89102 sp=0x0000006e896fe0d8 mode 2

Classes loaded (20 events):
Event: 24.472 Loading class java/nio/file/FileTreeWalker$Event
Event: 24.473 Loading class java/nio/file/FileTreeWalker$Event done
Event: 24.473 Loading class java/nio/file/FileTreeWalker$EventType
Event: 24.474 Loading class java/nio/file/FileTreeWalker$EventType done
Event: 24.520 Loading class java/util/Collections$ReverseComparator
Event: 24.521 Loading class java/util/Collections$ReverseComparator done
Event: 24.532 Loading class java/util/stream/SortedOps$RefSortingSink
Event: 24.534 Loading class java/util/stream/SortedOps$RefSortingSink done
Event: 24.647 Loading class java/util/Collections$SynchronizedRandomAccessList
Event: 24.647 Loading class java/util/Collections$SynchronizedList
Event: 24.648 Loading class java/util/Collections$SynchronizedList done
Event: 24.648 Loading class java/util/Collections$SynchronizedRandomAccessList done
Event: 24.652 Loading class java/io/PrintWriter
Event: 24.653 Loading class java/io/PrintWriter done
Event: 24.673 Loading class java/nio/charset/IllegalCharsetNameException
Event: 24.685 Loading class java/nio/charset/IllegalCharsetNameException done
Event: 24.699 Loading class java/nio/file/ProviderNotFoundException
Event: 24.701 Loading class java/nio/file/ProviderNotFoundException done
Event: 24.798 Loading class java/util/JumboEnumSet
Event: 24.799 Loading class java/util/JumboEnumSet done

Classes unloaded (0 events):
No events

Classes redefined (0 events):
No events

Internal exceptions (20 events):
Event: 9.627 Thread 0x0000019ffd69eba0 Exception <a 'java/lang/NoSuchMethodError'{0x00000000eff23308}: 'int java.lang.invoke.DirectMethodHandle$Holder.invokeSpecialIFC(java.lang.Object, java.lang.Object, java.lang.Object, java.lang.Object)'> (0x00000000eff23308) 
thrown [s\open\src\hotspot\share\interpreter\linkResolver.cpp, line 804]
Event: 11.792 Thread 0x0000019ffd69eba0 Implicit null exception at 0x0000019f903eeacd to 0x0000019f903eeca4
Event: 11.792 Thread 0x0000019ffd69eba0 Implicit null exception at 0x0000019f902f0fa0 to 0x0000019f902f101d
Event: 12.026 Thread 0x0000019ffd69eba0 Exception <a 'java/lang/NoSuchMethodError'{0x00000000ed36c308}: 'java.lang.Object java.lang.invoke.DirectMethodHandle$Holder.newInvokeSpecial(java.lang.Object, java.lang.Object, java.lang.Object, java.lang.Object, java.lang.Object, java.lang.Object, java.lang.Object)'> (0x00000000ed36c308) 
thrown [s\open\src\hotspot\share\interpreter\linkResolver.cpp, line 804]
Event: 12.232 Thread 0x0000019ffd69eba0 Exception <a 'java/lang/NoSuchMethodError'{0x00000000ed06a258}: 'int java.lang.invoke.DirectMethodHandle$Holder.invokeVirtual(java.lang.Object, java.lang.Object)'> (0x00000000ed06a258) 
thrown [s\open\src\hotspot\share\interpreter\linkResolver.cpp, line 804]
Event: 12.300 Thread 0x0000019ffd69eba0 Implicit null exception at 0x0000019f903e6db9 to 0x0000019f903e7368
Event: 19.908 Thread 0x0000019ffd69eba0 Exception <a 'sun/nio/fs/WindowsException'{0x00000000ece4ccb8}> (0x00000000ece4ccb8) 
thrown [s\open\src\hotspot\share\prims\jni.cpp, line 516]
Event: 19.918 Thread 0x0000019ffd69eba0 Exception <a 'sun/nio/fs/WindowsException'{0x00000000ece4d320}> (0x00000000ece4d320) 
thrown [s\open\src\hotspot\share\prims\jni.cpp, line 516]
Event: 19.918 Thread 0x0000019ffd69eba0 Exception <a 'sun/nio/fs/WindowsException'{0x00000000ece4d9a0}> (0x00000000ece4d9a0) 
thrown [s\open\src\hotspot\share\prims\jni.cpp, line 516]
Event: 19.918 Thread 0x0000019ffd69eba0 Exception <a 'sun/nio/fs/WindowsException'{0x00000000ece4e018}> (0x00000000ece4e018) 
thrown [s\open\src\hotspot\share\prims\jni.cpp, line 516]
Event: 19.919 Thread 0x0000019ffd69eba0 Exception <a 'sun/nio/fs/WindowsException'{0x00000000ece4e688}> (0x00000000ece4e688) 
thrown [s\open\src\hotspot\share\prims\jni.cpp, line 516]
Event: 19.919 Thread 0x0000019ffd69eba0 Exception <a 'sun/nio/fs/WindowsException'{0x00000000ece4ecf0}> (0x00000000ece4ecf0) 
thrown [s\open\src\hotspot\share\prims\jni.cpp, line 516]
Event: 23.062 Thread 0x0000019ffd69eba0 Exception <a 'java/io/IOException'{0x00000000ec4373e0}> (0x00000000ec4373e0) 
thrown [s\open\src\hotspot\share\prims\jni.cpp, line 516]
Event: 24.235 Thread 0x0000019ffd69eba0 Exception <a 'java/io/IOException'{0x00000000eb843410}> (0x00000000eb843410) 
thrown [s\open\src\hotspot\share\prims\jni.cpp, line 516]
Event: 24.380 Thread 0x0000019ffd69eba0 Exception <a 'java/io/IOException'{0x00000000eb8ec8b8}> (0x00000000eb8ec8b8) 
thrown [s\open\src\hotspot\share\prims\jni.cpp, line 516]
Event: 24.381 Thread 0x0000019ffd69eba0 Exception <a 'java/io/IOException'{0x00000000eb8ecfe8}> (0x00000000eb8ecfe8) 
thrown [s\open\src\hotspot\share\prims\jni.cpp, line 516]
Event: 24.382 Thread 0x0000019ffd69eba0 Exception <a 'java/io/IOException'{0x00000000eb8ed708}> (0x00000000eb8ed708) 
thrown [s\open\src\hotspot\share\prims\jni.cpp, line 516]
Event: 24.392 Thread 0x0000019ffd69eba0 Exception <a 'sun/nio/fs/WindowsException'{0x00000000eb8ee3b0}> (0x00000000eb8ee3b0) 
thrown [s\open\src\hotspot\share\prims\jni.cpp, line 516]
Event: 24.524 Thread 0x0000019ffd69eba0 Exception <a 'java/lang/IncompatibleClassChangeError'{0x00000000eb75ab70}: Found class java.lang.Object, but interface was expected> (0x00000000eb75ab70) 
thrown [s\open\src\hotspot\share\interpreter\linkResolver.cpp, line 871]
Event: 24.548 Thread 0x0000019ffd69eba0 Exception <a 'java/lang/NoSuchMethodError'{0x00000000eb76a038}: 'void java.lang.invoke.DirectMethodHandle$Holder.invokeInterface(java.lang.Object, java.lang.Object, java.lang.Object)'> (0x00000000eb76a038) 
thrown [s\open\src\hotspot\share\interpreter\linkResolver.cpp, line 804]

VM Operations (20 events):
Event: 5.764 Executing non-safepoint VM operation: HandshakeAllThreads (Deoptimize)
Event: 5.764 Executing non-safepoint VM operation: HandshakeAllThreads (Deoptimize) done
Event: 6.225 Executing non-safepoint VM operation: HandshakeAllThreads (Deoptimize)
Event: 6.225 Executing non-safepoint VM operation: HandshakeAllThreads (Deoptimize) done
Event: 6.320 Executing non-safepoint VM operation: HandshakeAllThreads (Deoptimize)
Event: 6.321 Executing non-safepoint VM operation: HandshakeAllThreads (Deoptimize) done
Event: 6.435 Executing non-safepoint VM operation: HandshakeAllThreads (Deoptimize)
Event: 6.435 Executing non-safepoint VM operation: HandshakeAllThreads (Deoptimize) done
Event: 6.659 Executing non-safepoint VM operation: HandshakeAllThreads (Deoptimize)
Event: 6.665 Executing non-safepoint VM operation: HandshakeAllThreads (Deoptimize) done
Event: 6.675 Executing non-safepoint VM operation: HandshakeAllThreads (Deoptimize)
Event: 6.676 Executing non-safepoint VM operation: HandshakeAllThreads (Deoptimize) done
Event: 6.677 Executing non-safepoint VM operation: HandshakeAllThreads (Deoptimize)
Event: 6.677 Executing non-safepoint VM operation: HandshakeAllThreads (Deoptimize) done
Event: 9.578 Executing safepoint VM operation: G1CollectForAllocation (G1 Evacuation Pause)
Event: 9.614 Executing safepoint VM operation: G1CollectForAllocation (G1 Evacuation Pause) done
Event: 12.395 Executing non-safepoint VM operation: HandshakeAllThreads (Deoptimize)
Event: 12.395 Executing non-safepoint VM operation: HandshakeAllThreads (Deoptimize) done
Event: 12.431 Executing non-safepoint VM operation: HandshakeAllThreads (Deoptimize)
Event: 12.431 Executing non-safepoint VM operation: HandshakeAllThreads (Deoptimize) done

Memory protections (0 events):
No events

Nmethod flushes (0 events):
No events

Events (14 events):
Event: 0.087 Thread 0x0000019ffd69eba0 Thread added: 0x0000019ffd69eba0
Event: 0.146 Thread 0x0000019ffd69eba0 Thread added: 0x0000019fff9bb5b0
Event: 0.152 Thread 0x0000019ffd69eba0 Thread added: 0x0000019fff9bc590
Event: 0.152 Thread 0x0000019ffd69eba0 Thread added: 0x0000019fff9c1580
Event: 0.152 Thread 0x0000019ffd69eba0 Thread added: 0x0000019fff9c3150
Event: 0.152 Thread 0x0000019ffd69eba0 Thread added: 0x0000019fff9c3d10
Event: 0.153 Thread 0x0000019ffd69eba0 Thread added: 0x0000019fff9c48d0
Event: 0.153 Thread 0x0000019ffd69eba0 Thread added: 0x0000019fff9c77d0
Event: 0.154 Thread 0x0000019ffd69eba0 Thread added: 0x0000019fff9c9df0
Event: 0.184 Thread 0x0000019ffd69eba0 Thread added: 0x0000019f9a191870
Event: 0.195 Thread 0x0000019ffd69eba0 Thread added: 0x0000019f9a1a0ee0
Event: 0.718 Thread 0x0000019ffd69eba0 Thread added: 0x0000019f9a5dbde0
Event: 6.537 Thread 0x0000019ffd69eba0 Thread added: 0x0000019f9a62e390
Event: 10.324 Thread 0x0000019f9a5dbde0 Thread exited: 0x0000019f9a5dbde0


Dynamic libraries:
0x00007ff694240000 - 0x00007ff694250000 	C:\Program Files\Java\jdk-25.0.2\bin\java.exe
0x00007ffd911c0000 - 0x00007ffd913c7000 	C:\WINDOWS\SYSTEM32\ntdll.dll
0x00007ffd8fc00000 - 0x00007ffd8fcbd000 	C:\WINDOWS\System32\KERNEL32.DLL
0x00007ffd8e910000 - 0x00007ffd8ec82000 	C:\WINDOWS\System32\KERNELBASE.dll
0x00007ffd8e7f0000 - 0x00007ffd8e901000 	C:\WINDOWS\System32\ucrtbase.dll
0x00007ffd868f0000 - 0x00007ffd86907000 	C:\Program Files\Java\jdk-25.0.2\bin\jli.dll
0x00007ffd90500000 - 0x00007ffd906ac000 	C:\WINDOWS\System32\USER32.dll
0x00007ffd8eef0000 - 0x00007ffd8ef16000 	C:\WINDOWS\System32\win32u.dll
0x00007ffd904d0000 - 0x00007ffd904f9000 	C:\WINDOWS\System32\GDI32.dll
0x00007ffd8ed10000 - 0x00007ffd8ee22000 	C:\WINDOWS\System32\gdi32full.dll
0x00007ffd8e6e0000 - 0x00007ffd8e77d000 	C:\WINDOWS\System32\msvcp_win.dll
0x00007ffd89be0000 - 0x00007ffd89bfe000 	C:\Program Files\Java\jdk-25.0.2\bin\VCRUNTIME140.dll
0x00007ffd781f0000 - 0x00007ffd78495000 	C:\WINDOWS\WinSxS\amd64_microsoft.windows.common-controls_6595b64144ccf1df_6.0.21996.1_none_7d6b053978bcd706\COMCTL32.dll
0x00007ffd8faa0000 - 0x00007ffd8fb43000 	C:\WINDOWS\System32\msvcrt.dll
0x00007ffd8f130000 - 0x00007ffd8f161000 	C:\WINDOWS\System32\IMM32.DLL
0x00007ffd8a900000 - 0x00007ffd8a90c000 	C:\Program Files\Java\jdk-25.0.2\bin\vcruntime140_1.dll
0x00007ffd79470000 - 0x00007ffd794fd000 	C:\Program Files\Java\jdk-25.0.2\bin\msvcp140.dll
0x00007ffd5c460000 - 0x00007ffd5d2bf000 	C:\Program Files\Java\jdk-25.0.2\bin\server\jvm.dll
0x00007ffd8fb50000 - 0x00007ffd8fbfc000 	C:\WINDOWS\System32\ADVAPI32.dll
0x00007ffd8f090000 - 0x00007ffd8f12d000 	C:\WINDOWS\System32\sechost.dll
0x00007ffd90fe0000 - 0x00007ffd91101000 	C:\WINDOWS\System32\RPCRT4.dll
0x00007ffd91110000 - 0x00007ffd9117f000 	C:\WINDOWS\System32\WS2_32.dll
0x00007ffd8e5b0000 - 0x00007ffd8e5fd000 	C:\WINDOWS\SYSTEM32\POWRPROF.dll
0x00007ffd889d0000 - 0x00007ffd88a03000 	C:\WINDOWS\SYSTEM32\WINMM.dll
0x00007ffd87470000 - 0x00007ffd8747a000 	C:\WINDOWS\SYSTEM32\VERSION.dll
0x00007ffd8e590000 - 0x00007ffd8e5a3000 	C:\WINDOWS\SYSTEM32\UMPDC.dll
0x00007ffd8d7f0000 - 0x00007ffd8d807000 	C:\WINDOWS\SYSTEM32\kernel.appcore.dll
0x00007ffd8a860000 - 0x00007ffd8a86a000 	C:\Program Files\Java\jdk-25.0.2\bin\jimage.dll
0x00007ffd8c200000 - 0x00007ffd8c421000 	C:\WINDOWS\SYSTEM32\DBGHELP.DLL
0x00007ffd73490000 - 0x00007ffd734c1000 	C:\WINDOWS\SYSTEM32\dbgcore.DLL
0x00007ffd8ec90000 - 0x00007ffd8ed10000 	C:\WINDOWS\System32\bcryptPrimitives.dll
0x00007ffd83a30000 - 0x00007ffd83a4f000 	C:\Program Files\Java\jdk-25.0.2\bin\java.dll
0x00007ffd90160000 - 0x00007ffd902fa000 	C:\WINDOWS\System32\ole32.dll
0x00007ffd8fcc0000 - 0x00007ffd90035000 	C:\WINDOWS\System32\combase.dll
0x00007ffd90730000 - 0x00007ffd90e99000 	C:\WINDOWS\System32\SHELL32.dll
0x00007ffd8c880000 - 0x00007ffd8d0d8000 	C:\WINDOWS\SYSTEM32\windows.storage.dll
0x00007ffd8c710000 - 0x00007ffd8c876000 	C:\WINDOWS\SYSTEM32\wintypes.dll
0x00007ffd8f1d0000 - 0x00007ffd8f2ba000 	C:\WINDOWS\System32\SHCORE.dll
0x00007ffd8f170000 - 0x00007ffd8f1cd000 	C:\WINDOWS\System32\shlwapi.dll
0x00007ffd8e610000 - 0x00007ffd8e631000 	C:\WINDOWS\SYSTEM32\profapi.dll
0x00007ffd79450000 - 0x00007ffd79462000 	C:\Program Files\Java\jdk-25.0.2\bin\net.dll
0x00007ffd8dc00000 - 0x00007ffd8dc67000 	C:\WINDOWS\system32\mswsock.dll
0x00007ffd79430000 - 0x00007ffd79446000 	C:\Program Files\Java\jdk-25.0.2\bin\nio.dll
0x00007ffd79410000 - 0x00007ffd79427000 	C:\Program Files\Java\jdk-25.0.2\bin\zip.dll
0x00007ffd793e0000 - 0x00007ffd79404000 	C:\Users\Pratibha Awasthi\Doc_Flow_AI\backend\apache-maven-3.9.9\lib\jansi-native\Windows\x86_64\jansi.dll
0x00007ffd89bd0000 - 0x00007ffd89be0000 	C:\Program Files\Java\jdk-25.0.2\bin\verify.dll

JVMTI agents: none

dbghelp: loaded successfully - version: 4.0.5 - missing functions: none
symbol engine: initialized successfully - sym options: 0x614 - pdb path: .;C:\Program Files\Java\jdk-25.0.2\bin;C:\WINDOWS\SYSTEM32;C:\WINDOWS\WinSxS\amd64_microsoft.windows.common-controls_6595b64144ccf1df_6.0.21996.1_none_7d6b053978bcd706;C:\Program Files\Java\jdk-25.0.2\bin\server;C:\Users\Pratibha Awasthi\Doc_Flow_AI\backend\apache-maven-3.9.9\lib\jansi-native\Windows\x86_64

VM Arguments:
jvm_args: -Xms256m -Xmx512m -Dclassworlds.conf=C:\Users\Pratibha Awasthi\Doc_Flow_AI\backend\apache-maven-3.9.9\bin\m2.conf -Dmaven.home=C:\Users\Pratibha Awasthi\Doc_Flow_AI\backend\apache-maven-3.9.9 -Dlibrary.jansi.path=C:\Users\Pratibha Awasthi\Doc_Flow_AI\backend\apache-maven-3.9.9\lib\jansi-native -Dmaven.multiModuleProjectDirectory=C:\Users\Pratibha Awasthi\Doc_Flow_AI 
java_command: org.codehaus.plexus.classworlds.launcher.Launcher clean compile -f backend/pom.xml
java_class_path (initial): C:\Users\Pratibha Awasthi\Doc_Flow_AI\backend\apache-maven-3.9.9\boot\plexus-classworlds-2.8.0.jar
Launcher Type: SUN_STANDARD

[Global flags]
     intx CICompilerCount                          = 3                                         {product} {ergonomic}
     uint ConcGCThreads                            = 1                                         {product} {ergonomic}
     uint G1ConcRefinementThreads                  = 4                                         {product} {ergonomic}
   size_t G1HeapRegionSize                         = 1048576                                   {product} {ergonomic}
   size_t InitialHeapSize                          = 268435456                                 {product} {command line}
   size_t MarkStackSize                            = 4194304                                   {product} {ergonomic}
   size_t MarkStackSizeMax                         = 536870912                                 {product} {ergonomic}
   size_t MaxHeapSize                              = 536870912                                 {product} {command line}
   size_t MaxNewSize                               = 321912832                                 {product} {ergonomic}
   size_t MinHeapDeltaBytes                        = 1048576                                   {product} {ergonomic}
   size_t MinHeapSize                              = 268435456                                 {product} {command line}
    uintx NonNMethodCodeHeapSize                   = 5832704                                {pd product} {ergonomic}
    uintx NonProfiledCodeHeapSize                  = 122945536                              {pd product} {ergonomic}
    uintx ProfiledCodeHeapSize                     = 122880000                              {pd product} {ergonomic}
    uintx ReservedCodeCacheSize                    = 251658240                              {pd product} {ergonomic}
     bool SegmentedCodeCache                       = true                                      {product} {ergonomic}
   size_t SoftMaxHeapSize                          = 536870912                              {manageable} {ergonomic}
     bool UseCompressedOops                        = true                           {product lp64_product} {ergonomic}
     bool UseG1GC                                  = true                                      {product} {ergonomic}
     bool UseLargePagesIndividualAllocation        = false                                  {pd product} {ergonomic}

Logging:
Log output configuration:
 #0: stdout all=warning uptime,level,tags foldmultilines=false
 #1: stderr all=off uptime,level,tags foldmultilines=false

Release file:
IMPLEMENTOR="Oracle Corporation" 
JAVA_RUNTIME_VERSION="25.0.2+10-LTS-69" 
JAVA_VERSION="25.0.2" 
JAVA_VERSION_DATE="2026-01-20" 
LIBC="default" 
MODULES="java.base java.compiler java.datatransfer java.xml java.prefs java.desktop java.instrument java.logging java.management java.security.sasl java.naming java.rmi java.management.rmi java.net.http java.scripting java.security.jgss java.transaction.xa java.sql java.sql.rowset java.xml.crypto java.se java.smartcardio jdk.accessibility jdk.internal.jvmstat jdk.attach jdk.charsets jdk.internal.opt jdk.zipfs jdk.compiler jdk.crypto.cryptoki jdk.crypto.ec jdk.crypto.mscapi jdk.dynalink jdk.internal.ed jdk.editpad jdk.internal.vm.ci jdk.graal.compiler jdk.graal.compiler.management jdk.hotspot.agent jdk.httpserver jdk.incubator.vector jdk.internal.le jdk.internal.md jdk.jartool jdk.javadoc jdk.jcmd jdk.management jdk.management.agent jdk.jconsole jdk.jdeps jdk.jdwp.agent jdk.jdi jdk.jfr jdk.jlink jdk.jpackage jdk.jshell jdk.jsobject jdk.jstatd jdk.localedata jdk.management.jfr jdk.naming.dns jdk.naming.rmi jdk.net jdk.nio.mapmode jdk.sctp jdk.security.auth jdk.security.jgss jdk.unsupported jdk.unsupported.desktop jdk.xml.dom" 
OS_ARCH="x86_64" 
OS_NAME="Windows" 
SOURCE=".:git:b75efb40c93a open:git:405a5699ebd0" 

Environment Variables:
PATH=C:\Program Files\Common Files\Oracle\Java\javapath;C:\WINDOWS\system32;C:\WINDOWS;C:\WINDOWS\System32\Wbem;C:\WINDOWS\System32\WindowsPowerShell\v1.0\;C:\WINDOWS\System32\OpenSSH\;C:\Program Files\Java\jdk-25.0.2\bin;C:\Program Files\nodejs\;C:\Program Files\MySQL\MySQL Server 8.0\bin;C:\Program Files\cursor\resources\app\bin;C:\Program Files\MySQL\MySQL Shell 8.0\bin\;C:\Users\Pratibha Awasthi\AppData\Local\Microsoft\WindowsApps;C:\Users\Pratibha Awasthi\AppData\Roaming\npm;C:\Program Files\nodejs;C:\Users\Pratibha Awasthi\AppData\Local\Programs\Antigravity\bin;C:\Users\Pratibha Awasthi\AppData\Local\Programs\Microsoft VS Code\bin;C:\Users\Pratibha Awasthi\Downloads\PortableGit\cmd
USERNAME=Pratibha Awasthi
OS=Windows_NT
PROCESSOR_IDENTIFIER=Intel64 Family 6 Model 142 Stepping 9, GenuineIntel
TMP=C:\Users\PRATIB~1\AppData\Local\Temp
TEMP=C:\Users\PRATIB~1\AppData\Local\Temp




Compilation memory statistics disabled.

Periodic native trim disabled

---------------  S Y S T E M  ---------------

OS:
 Windows 10 , 64 bit Build 21996 (10.0.21996.1)
OS uptime: 0 days 1:31 hours

CPU: total 4 (initial active 4) (2 cores per cpu, 2 threads per core) family 6 model 142 stepping 9 microcode 0xf0, cx8, cmov, fxsr, ht, mmx, 3dnowpref, sse, sse2, sse3, ssse3, sse4.1, sse4.2, popcnt, lzcnt, tsc, tscinvbit, avx, avx2, aes, erms, clmul, bmi1, bmi2, adx, fma, vzeroupper, clflush, clflushopt, rdtscp, f16c
Processor Information for the first 4 processors :
  Max Mhz: 2401, Current Mhz: 2400, Mhz Limit: 2376

Memory: 4k page, system-wide physical 3998M (42M free)
TotalPageFile size 16286M (AvailPageFile size 17M)
current process WorkingSet (physical memory assigned to process): 113M, peak: 161M
current process commit charge ("private bytes"): 392M, peak: 408M

vm_info: Java HotSpot(TM) 64-Bit Server VM (25.0.2+10-LTS-69) for windows-amd64 JRE (25.0.2+10-LTS-69), built on 2025-12-18T11:36:35Z with MS VC++ 17.13 (VS2022)

END.
