#
# There is insufficient memory for the Java Runtime Environment to continue.
# Native memory allocation (mmap) failed to map 67108864 bytes. Error detail: G1 virtual space
# Possible reasons:
#   The system is out of physical RAM or swap space
#   This process is running with CompressedOops enabled, and the Java Heap may be blocking the growth of the native heap
# Possible solutions:
#   Reduce memory load on the system
#   Increase physical memory or swap space
#   Check if swap backing store is full
#   Decrease Java heap size (-Xmx/-Xms)
#   Decrease number of Java threads
#   Decrease Java thread stack sizes (-Xss)
#   Set larger code cache with -XX:ReservedCodeCacheSize=
#   JVM is running with Unscaled Compressed Oops mode in which the Java heap is
#     placed in the first 4GB address space. The Java Heap base address is the
#     maximum limit for the native heap growth. Please use -XX:HeapBaseMinAddress
#     to set the Java Heap base and to place the Java Heap above 4GB virtual address.
# This output file may be truncated or incomplete.
#
#  Out of Memory Error (os_windows.cpp:3554), pid=13460, tid=4748
#
# JRE version:  (25.0.2+10) (build )
# Java VM: Java HotSpot(TM) 64-Bit Server VM (25.0.2+10-LTS-69, mixed mode, sharing, tiered, compressed oops, compressed class ptrs, g1 gc, windows-amd64)
# No core dump will be written. Minidumps are not enabled by default on client versions of Windows
#

---------------  S U M M A R Y ------------

Command Line: -Dclassworlds.conf=C:\Users\Pratibha Awasthi\Doc_Flow_AI\backend\apache-maven-3.9.9\bin\m2.conf -Dmaven.home=C:\Users\Pratibha Awasthi\Doc_Flow_AI\backend\apache-maven-3.9.9 -Dlibrary.jansi.path=C:\Users\Pratibha Awasthi\Doc_Flow_AI\backend\apache-maven-3.9.9\lib\jansi-native -Dmaven.multiModuleProjectDirectory=C:\Users\Pratibha Awasthi\Doc_Flow_AI org.codehaus.plexus.classworlds.launcher.Launcher clean compile -f backend/pom.xml

Host: Intel(R) Core(TM) i3-7100U CPU @ 2.40GHz, 4 cores, 3G,  Windows 10 , 64 bit Build 21996 (10.0.21996.1)
Time: Tue Apr 14 16:34:16 2026 India Standard Time elapsed time: 0.077205 seconds (0d 0h 0m 0s)

---------------  T H R E A D  ---------------

Current thread (0x000001957c39f680):  JavaThread "Unknown thread" [_thread_in_vm, id=4748, stack(0x0000007790a00000,0x0000007790b00000) (1024K)]

Stack: [0x0000007790a00000,0x0000007790b00000]
Native frames: (J=compiled Java code, j=interpreted, Vv=VM code, C=native code)
V  [jvm.dll+0x7a70f9]  (no source info available)
V  [jvm.dll+0x772d6d]  (no source info available)
V  [jvm.dll+0x965d53]  (no source info available)
V  [jvm.dll+0x968351]  (no source info available)
V  [jvm.dll+0x968a63]  (no source info available)
V  [jvm.dll+0x2fc846]  (no source info available)
V  [jvm.dll+0x7a3325]  (no source info available)
V  [jvm.dll+0x796737]  (no source info available)
V  [jvm.dll+0x3f4988]  (no source info available)
V  [jvm.dll+0x3fc8d6]  (no source info available)
V  [jvm.dll+0x3e8f7e]  (no source info available)
V  [jvm.dll+0x3e9238]  (no source info available)
V  [jvm.dll+0x3c0145]  (no source info available)
V  [jvm.dll+0x3c0dce]  (no source info available)
V  [jvm.dll+0x92cdf7]  (no source info available)
V  [jvm.dll+0x458f02]  (no source info available)
V  [jvm.dll+0x9107a2]  (no source info available)
V  [jvm.dll+0x4f9331]  (no source info available)
V  [jvm.dll+0x4fabc1]  (no source info available)
C  [jli.dll+0x543e]  (no source info available)
C  [ucrtbase.dll+0x26c0c]  (no source info available)
C  [KERNEL32.DLL+0x154e0]  (no source info available)
C  [ntdll.dll+0x485b]  (no source info available)

Lock stack of current Java thread (top to bottom):


---------------  P R O C E S S  ---------------

Threads class SMR info:
_java_thread_list=0x00007ffd5d155388, length=0, elements={
}

Java Threads: ( => current thread )
Total: 0

Other Threads:
  0x000001957e5e6d80 WorkerThread "GC Thread#0"                     [id=13380, stack(0x0000007790b00000,0x0000007790c00000) (1024K)]
  0x000001957e5f39d0 ConcurrentGCThread "G1 Main Marker"            [id=9008, stack(0x0000007790c00000,0x0000007790d00000) (1024K)]
  0x000001957e5f46f0 WorkerThread "G1 Conc#0"                       [id=13356, stack(0x0000007790d00000,0x0000007790e00000) (1024K)]

[error occurred during error reporting (printing all threads), id 0xc0000005, EXCEPTION_ACCESS_VIOLATION (0xc0000005) at pc=0x00007ffd5c834f1a]
VM state: not at safepoint (not fully initialized)

VM Mutex/Monitor currently owned by a thread:  ([mutex/lock_event])
[0x00007ffd5d1d9768] Heap_lock - owner thread: 0x000001957c39f680

Heap address: 0x00000000c1800000, size: 1000 MB, Compressed Oops mode: 32-bit

CDS archive(s) mapped at: [0x0000000000000000-0x0000000000000000-0x0000000000000000), size 0, SharedBaseAddress: 0x0000000800000000, ArchiveRelocationMode: 1.
UseCompressedClassPointers 1, UseCompactObjectHeaders 0
Narrow klass pointer bits 32, Max shift 3
Narrow klass base: 0xffffffffffffffff, Narrow klass shift: -1
Encoding Range: [0xffffffffffffffff - 0x000000007fffffff), (2147483648 bytes)
Klass Range:    [0x0000000000000000 - 0x0000000000000000), (0 bytes)
Klass ID Range:  [4294967295 - 0) (1)
No protection zone.

GC Precious Log:
 CardTable entry size: 512
 Card Set container configuration: InlinePtr #cards 5 size 8 Array Of Cards #cards 10 size 36 Howl #buckets 4 coarsen threshold 1843 Howl Bitmap #cards 512 size 80 coarsen threshold 460 Card regions per heap region 1 cards per card region 2048

Heap:
 garbage-first heap   total reserved 1024000K, committed 0K, used 0K [0x00000000c1800000, 0x0000000100000000)
  region size 1024K, 0 young (0K), 0 survivors (0K)

Heap Regions: E=young(eden), S=young(survivor), O=old, HS=humongous(starts), HC=humongous(continues), CS=collection set, F=free, TAMS=top-at-mark-start, PB=parsable bottom

Card table byte_map: [0x000001957e880000,0x000001957ea80000] _byte_map_base: 0x000001957e274000

Marking Bits: (CMBitMap*) 0x000001957e5e7510
 Bits: [0x000001957ea80000, 0x000001957fa20000)

GC Heap Usage History (0 events):
No events

Metaspace Usage History (0 events):
No events

Dll operation events (1 events):
Event: 0.033 Loaded shared library C:\Program Files\Java\jdk-25.0.2\bin\java.dll

Deoptimization events (0 events):
No events

Classes loaded (0 events):
No events

Classes unloaded (0 events):
No events

Classes redefined (0 events):
No events

Internal exceptions (0 events):
No events

VM Operations (0 events):
No events

Memory protections (0 events):
No events

Nmethod flushes (0 events):
No events

Events (0 events):
No events


Dynamic libraries:
0x00007ff694240000 - 0x00007ff694250000 	C:\Program Files\Java\jdk-25.0.2\bin\java.exe
0x00007ffd911c0000 - 0x00007ffd913c7000 	C:\WINDOWS\SYSTEM32\ntdll.dll
0x00007ffd8fc00000 - 0x00007ffd8fcbd000 	C:\WINDOWS\System32\KERNEL32.DLL
0x00007ffd8e910000 - 0x00007ffd8ec82000 	C:\WINDOWS\System32\KERNELBASE.dll
0x00007ffd8e7f0000 - 0x00007ffd8e901000 	C:\WINDOWS\System32\ucrtbase.dll
0x00007ffd868f0000 - 0x00007ffd86907000 	C:\Program Files\Java\jdk-25.0.2\bin\jli.dll
0x00007ffd90500000 - 0x00007ffd906ac000 	C:\WINDOWS\System32\USER32.dll
0x00007ffd8eef0000 - 0x00007ffd8ef16000 	C:\WINDOWS\System32\win32u.dll
0x00007ffd904d0000 - 0x00007ffd904f9000 	C:\WINDOWS\System32\GDI32.dll
0x00007ffd8ed10000 - 0x00007ffd8ee22000 	C:\WINDOWS\System32\gdi32full.dll
0x00007ffd8e6e0000 - 0x00007ffd8e77d000 	C:\WINDOWS\System32\msvcp_win.dll
0x00007ffd89be0000 - 0x00007ffd89bfe000 	C:\Program Files\Java\jdk-25.0.2\bin\VCRUNTIME140.dll
0x00007ffd781f0000 - 0x00007ffd78495000 	C:\WINDOWS\WinSxS\amd64_microsoft.windows.common-controls_6595b64144ccf1df_6.0.21996.1_none_7d6b053978bcd706\COMCTL32.dll
0x00007ffd8faa0000 - 0x00007ffd8fb43000 	C:\WINDOWS\System32\msvcrt.dll
0x00007ffd8f130000 - 0x00007ffd8f161000 	C:\WINDOWS\System32\IMM32.DLL
0x00007ffd8a900000 - 0x00007ffd8a90c000 	C:\Program Files\Java\jdk-25.0.2\bin\vcruntime140_1.dll
0x00007ffd79470000 - 0x00007ffd794fd000 	C:\Program Files\Java\jdk-25.0.2\bin\msvcp140.dll
0x00007ffd5c460000 - 0x00007ffd5d2bf000 	C:\Program Files\Java\jdk-25.0.2\bin\server\jvm.dll
0x00007ffd8fb50000 - 0x00007ffd8fbfc000 	C:\WINDOWS\System32\ADVAPI32.dll
0x00007ffd8f090000 - 0x00007ffd8f12d000 	C:\WINDOWS\System32\sechost.dll
0x00007ffd90fe0000 - 0x00007ffd91101000 	C:\WINDOWS\System32\RPCRT4.dll
0x00007ffd91110000 - 0x00007ffd9117f000 	C:\WINDOWS\System32\WS2_32.dll
0x00007ffd8e5b0000 - 0x00007ffd8e5fd000 	C:\WINDOWS\SYSTEM32\POWRPROF.dll
0x00007ffd889d0000 - 0x00007ffd88a03000 	C:\WINDOWS\SYSTEM32\WINMM.dll
0x00007ffd87470000 - 0x00007ffd8747a000 	C:\WINDOWS\SYSTEM32\VERSION.dll
0x00007ffd8e590000 - 0x00007ffd8e5a3000 	C:\WINDOWS\SYSTEM32\UMPDC.dll
0x00007ffd8d7f0000 - 0x00007ffd8d807000 	C:\WINDOWS\SYSTEM32\kernel.appcore.dll
0x00007ffd8a860000 - 0x00007ffd8a86a000 	C:\Program Files\Java\jdk-25.0.2\bin\jimage.dll
0x00007ffd8c200000 - 0x00007ffd8c421000 	C:\WINDOWS\SYSTEM32\DBGHELP.DLL
0x00007ffd73490000 - 0x00007ffd734c1000 	C:\WINDOWS\SYSTEM32\dbgcore.DLL
0x00007ffd8ec90000 - 0x00007ffd8ed10000 	C:\WINDOWS\System32\bcryptPrimitives.dll
0x00007ffd83a30000 - 0x00007ffd83a4f000 	C:\Program Files\Java\jdk-25.0.2\bin\java.dll
0x00007ffd90160000 - 0x00007ffd902fa000 	C:\WINDOWS\System32\ole32.dll
0x00007ffd8fcc0000 - 0x00007ffd90035000 	C:\WINDOWS\System32\combase.dll
0x00007ffd90730000 - 0x00007ffd90e99000 	C:\WINDOWS\System32\SHELL32.dll

JVMTI agents: none

dbghelp: loaded successfully - version: 4.0.5 - missing functions: none
symbol engine: initialized successfully - sym options: 0x614 - pdb path: .;C:\Program Files\Java\jdk-25.0.2\bin;C:\WINDOWS\SYSTEM32;C:\WINDOWS\WinSxS\amd64_microsoft.windows.common-controls_6595b64144ccf1df_6.0.21996.1_none_7d6b053978bcd706;C:\Program Files\Java\jdk-25.0.2\bin\server

VM Arguments:
jvm_args: -Dclassworlds.conf=C:\Users\Pratibha Awasthi\Doc_Flow_AI\backend\apache-maven-3.9.9\bin\m2.conf -Dmaven.home=C:\Users\Pratibha Awasthi\Doc_Flow_AI\backend\apache-maven-3.9.9 -Dlibrary.jansi.path=C:\Users\Pratibha Awasthi\Doc_Flow_AI\backend\apache-maven-3.9.9\lib\jansi-native -Dmaven.multiModuleProjectDirectory=C:\Users\Pratibha Awasthi\Doc_Flow_AI 
java_command: org.codehaus.plexus.classworlds.launcher.Launcher clean compile -f backend/pom.xml
java_class_path (initial): C:\Users\Pratibha Awasthi\Doc_Flow_AI\backend\apache-maven-3.9.9\boot\plexus-classworlds-2.8.0.jar
Launcher Type: SUN_STANDARD

[Global flags]
     intx CICompilerCount                          = 3                                         {product} {ergonomic}
     uint ConcGCThreads                            = 1                                         {product} {ergonomic}
     uint G1ConcRefinementThreads                  = 4                                         {product} {ergonomic}
   size_t G1HeapRegionSize                         = 1048576                                   {product} {ergonomic}
   size_t InitialHeapSize                          = 67108864                                  {product} {ergonomic}
   size_t MarkStackSize                            = 4194304                                   {product} {ergonomic}
   size_t MarkStackSizeMax                         = 536870912                                 {product} {ergonomic}
   size_t MaxHeapSize                              = 1048576000                                {product} {ergonomic}
   size_t MinHeapDeltaBytes                        = 1048576                                   {product} {ergonomic}
   size_t MinHeapSize                              = 8388608                                   {product} {ergonomic}
    uintx NonNMethodCodeHeapSize                   = 5832704                                {pd product} {ergonomic}
    uintx NonProfiledCodeHeapSize                  = 122945536                              {pd product} {ergonomic}
    uintx ProfiledCodeHeapSize                     = 122880000                              {pd product} {ergonomic}
    uintx ReservedCodeCacheSize                    = 251658240                              {pd product} {ergonomic}
     bool SegmentedCodeCache                       = true                                      {product} {ergonomic}
   size_t SoftMaxHeapSize                          = 1048576000                             {manageable} {ergonomic}
     bool UseCompressedOops                        = true                           {product lp64_product} {ergonomic}
     bool UseG1GC                                  = true                                      {product} {ergonomic}
     bool UseLargePagesIndividualAllocation        = false                                  {pd product} {ergonomic}

Logging:
Log output configuration:
 #0: stdout all=warning uptime,level,tags foldmultilines=false
 #1: stderr all=off uptime,level,tags foldmultilines=false

Release file:
<release file has not been read>
Environment Variables:
PATH=C:\Program Files\Common Files\Oracle\Java\javapath;C:\WINDOWS\system32;C:\WINDOWS;C:\WINDOWS\System32\Wbem;C:\WINDOWS\System32\WindowsPowerShell\v1.0\;C:\WINDOWS\System32\OpenSSH\;C:\Program Files\Java\jdk-25.0.2\bin;C:\Program Files\nodejs\;C:\Program Files\MySQL\MySQL Server 8.0\bin;C:\Program Files\cursor\resources\app\bin;C:\Program Files\MySQL\MySQL Shell 8.0\bin\;C:\Users\Pratibha Awasthi\AppData\Local\Microsoft\WindowsApps;C:\Users\Pratibha Awasthi\AppData\Roaming\npm;C:\Program Files\nodejs;C:\Users\Pratibha Awasthi\AppData\Local\Programs\Antigravity\bin;C:\Users\Pratibha Awasthi\AppData\Local\Programs\Microsoft VS Code\bin;C:\Users\Pratibha Awasthi\Downloads\PortableGit\cmd
USERNAME=Pratibha Awasthi
OS=Windows_NT
PROCESSOR_IDENTIFIER=Intel64 Family 6 Model 142 Stepping 9, GenuineIntel
TMP=C:\Users\PRATIB~1\AppData\Local\Temp
TEMP=C:\Users\PRATIB~1\AppData\Local\Temp




Compilation memory statistics disabled.

Periodic native trim disabled

---------------  S Y S T E M  ---------------

OS:
 Windows 10 , 64 bit Build 21996 (10.0.21996.1)
OS uptime: 0 days 1:30 hours

CPU: total 4 (initial active 4) (2 cores per cpu, 2 threads per core) family 6 model 142 stepping 9 microcode 0xf0, cx8, cmov, fxsr, ht, mmx, 3dnowpref, sse, sse2, sse3, ssse3, sse4.1, sse4.2, popcnt, lzcnt, tsc, tscinvbit, avx, avx2, aes, erms, clmul, bmi1, bmi2, adx, fma, vzeroupper, clflush, clflushopt, rdtscp, f16c
Processor Information for the first 4 processors :
  Max Mhz: 2401, Current Mhz: 2400, Mhz Limit: 2376

Memory: 4k page, system-wide physical 3998M (232M free)
TotalPageFile size 16286M (AvailPageFile size 43M)
current process WorkingSet (physical memory assigned to process): 11M, peak: 11M
current process commit charge ("private bytes"): 52M, peak: 115M

vm_info: Java HotSpot(TM) 64-Bit Server VM (25.0.2+10-LTS-69) for windows-amd64 JRE (25.0.2+10-LTS-69), built on 2025-12-18T11:36:35Z with MS VC++ 17.13 (VS2022)

END.
